<?xml version="1.0" encoding="UTF-8"?>
<testsuite name="kr.megaptera.shoppingMall.models.ProductTest" tests="2" skipped="0" failures="0" errors="0" timestamp="2022-12-05T13:47:58" hostname="seonghwan-ui-MacBookPro.local" time="0.062">
  <properties/>
  <testcase name="fake()" classname="kr.megaptera.shoppingMall.models.ProductTest" time="0.059"/>
  <testcase name="toDto()" classname="kr.megaptera.shoppingMall.models.ProductTest" time="0.002"/>
  <system-out><![CDATA[]]></system-out>
  <system-err><![CDATA[]]></system-err>
</testsuite>
