<?xml version="1.0" encoding="UTF-8"?>
<testsuite name="kr.megaptera.shoppingMall.models.ReviewTest" tests="2" skipped="0" failures="0" errors="0" timestamp="2022-11-21T08:33:43" hostname="seonghwan-ui-MacBookPro.local" time="0.002">
  <properties/>
  <testcase name="bestReviewFake()" classname="kr.megaptera.shoppingMall.models.ReviewTest" time="0.001"/>
  <testcase name="fake()" classname="kr.megaptera.shoppingMall.models.ReviewTest" time="0.0"/>
  <system-out><![CDATA[]]></system-out>
  <system-err><![CDATA[]]></system-err>
</testsuite>
