<?xml version="1.0" encoding="UTF-8"?>
<testsuite name="kr.megaptera.shoppingMall.services.CreateInquiryServiceTest" tests="2" skipped="0" failures="0" errors="0" timestamp="2022-11-21T08:33:43" hostname="seonghwan-ui-MacBookPro.local" time="0.032">
  <properties/>
  <testcase name="createInquiry()" classname="kr.megaptera.shoppingMall.services.CreateInquiryServiceTest" time="0.029"/>
  <testcase name="createInquiryWithBlankContent()" classname="kr.megaptera.shoppingMall.services.CreateInquiryServiceTest" time="0.002"/>
  <system-out><![CDATA[]]></system-out>
  <system-err><![CDATA[]]></system-err>
</testsuite>
