<?xml version="1.0" encoding="UTF-8"?>
<testsuite name="kr.megaptera.shoppingMall.controllers.WelcomeControllerTest" tests="1" skipped="0" failures="0" errors="0" timestamp="2022-11-21T08:33:42" hostname="seonghwan-ui-MacBookPro.local" time="0.005">
  <properties/>
  <testcase name="home()" classname="kr.megaptera.shoppingMall.controllers.WelcomeControllerTest" time="0.005"/>
  <system-out><![CDATA[2022-11-21 17:33:42.151  INFO 67117 --- [    Test worker] .b.t.a.w.s.WebMvcTestContextBootstrapper : Neither @ContextConfiguration nor @ContextHierarchy found for test class [kr.megaptera.shoppingMall.controllers.WelcomeControllerTest], using SpringBootContextLoader
2022-11-21 17:33:42.152  INFO 67117 --- [    Test worker] o.s.t.c.support.AbstractContextLoader    : Could not detect default resource locations for test class [kr.megaptera.shoppingMall.controllers.WelcomeControllerTest]: no resource found for suffixes {-context.xml, Context.groovy}.
2022-11-21 17:33:42.152  INFO 67117 --- [    Test worker] t.c.s.AnnotationConfigContextLoaderUtils : Could not detect default configuration classes for test class [kr.megaptera.shoppingMall.controllers.WelcomeControllerTest]: WelcomeControllerTest does not declare any static, non-private, non-final, nested classes annotated with @Configuration.
2022-11-21 17:33:42.156  INFO 67117 --- [    Test worker] .b.t.c.SpringBootTestContextBootstrapper : Found @SpringBootConfiguration kr.megaptera.shoppingMall.ShoppingMallApplication for test class kr.megaptera.shoppingMall.controllers.WelcomeControllerTest
2022-11-21 17:33:42.157  INFO 67117 --- [    Test worker] .b.t.a.w.s.WebMvcTestContextBootstrapper : Loaded default TestExecutionListener class names from location [META-INF/spring.factories]: [org.springframework.security.test.context.support.WithSecurityContextTestExecutionListener, org.springframework.security.test.context.support.ReactorContextTestExecutionListener, org.springframework.boot.test.autoconfigure.restdocs.RestDocsTestExecutionListener, org.springframework.boot.test.autoconfigure.web.client.MockRestServiceServerResetTestExecutionListener, org.springframework.boot.test.autoconfigure.web.servlet.MockMvcPrintOnlyOnFailureTestExecutionListener, org.springframework.boot.test.autoconfigure.web.servlet.WebDriverTestExecutionListener, org.springframework.boot.test.autoconfigure.webservices.client.MockWebServiceServerTestExecutionListener, org.springframework.boot.test.mock.mockito.MockitoTestExecutionListener, org.springframework.boot.test.mock.mockito.ResetMocksTestExecutionListener, org.springframework.test.context.web.ServletTestExecutionListener, org.springframework.test.context.support.DirtiesContextBeforeModesTestExecutionListener, org.springframework.test.context.event.ApplicationEventsTestExecutionListener, org.springframework.test.context.support.DependencyInjectionTestExecutionListener, org.springframework.test.context.support.DirtiesContextTestExecutionListener, org.springframework.test.context.transaction.TransactionalTestExecutionListener, org.springframework.test.context.jdbc.SqlScriptsTestExecutionListener, org.springframework.test.context.event.EventPublishingTestExecutionListener]
2022-11-21 17:33:42.157  INFO 67117 --- [    Test worker] .b.t.a.w.s.WebMvcTestContextBootstrapper : Using TestExecutionListeners: [org.springframework.test.context.web.ServletTestExecutionListener@68769265, org.springframework.test.context.support.DirtiesContextBeforeModesTestExecutionListener@5e9355a6, org.springframework.test.context.event.ApplicationEventsTestExecutionListener@69f35d31, org.springframework.boot.test.mock.mockito.MockitoTestExecutionListener@68c1d547, org.springframework.boot.test.autoconfigure.SpringBootDependencyInjectionTestExecutionListener@34788780, org.springframework.test.context.support.DirtiesContextTestExecutionListener@7002dacc, org.springframework.test.context.transaction.TransactionalTestExecutionListener@36b1b28, org.springframework.test.context.jdbc.SqlScriptsTestExecutionListener@65669def, org.springframework.security.test.context.support.WithSecurityContextTestExecutionListener@15d25244, org.springframework.test.context.event.EventPublishingTestExecutionListener@73602e88, org.springframework.security.test.context.support.ReactorContextTestExecutionListener@2889d997, org.springframework.boot.test.autoconfigure.restdocs.RestDocsTestExecutionListener@7951a08c, org.springframework.boot.test.autoconfigure.web.client.MockRestServiceServerResetTestExecutionListener@7e168d90, org.springframework.boot.test.autoconfigure.web.servlet.MockMvcPrintOnlyOnFailureTestExecutionListener@cf0e8b4, org.springframework.boot.test.autoconfigure.web.servlet.WebDriverTestExecutionListener@6a53cddc, org.springframework.boot.test.autoconfigure.webservices.client.MockWebServiceServerTestExecutionListener@1e7245da, org.springframework.boot.test.mock.mockito.ResetMocksTestExecutionListener@54422189]

  .   ____          _            __ _ _
 /\\ / ___'_ __ _ _(_)_ __  __ _ \ \ \ \
( ( )\___ | '_ | '_| | '_ \/ _` | \ \ \ \
 \\/  ___)| |_)| | | | | || (_| |  ) ) ) )
  '  |____| .__|_| |_|_| |_\__, | / / / /
 =========|_|==============|___/=/_/_/_/
 :: Spring Boot ::                (v2.7.5)

2022-11-21 17:33:42.173  INFO 67117 --- [    Test worker] k.m.s.controllers.WelcomeControllerTest  : Starting WelcomeControllerTest using Java 17 on seonghwan-ui-MacBookPro.local with PID 67117 (started by seonghwan in /Users/seonghwan/work/shoppingmall-backend)
2022-11-21 17:33:42.173  INFO 67117 --- [    Test worker] k.m.s.controllers.WelcomeControllerTest  : No active profile set, falling back to 1 default profile: "default"
2022-11-21 17:33:42.455  WARN 67117 --- [    Test worker] .s.s.UserDetailsServiceAutoConfiguration : 

Using generated security password: 1b22f6fc-0a74-4649-bc4e-92aedf610d8f

This generated password is for development use only. Your security configuration must be updated before running your application in production.

2022-11-21 17:33:42.518  INFO 67117 --- [    Test worker] o.s.s.web.DefaultSecurityFilterChain     : Will secure any request with [org.springframework.security.web.session.DisableEncodeUrlFilter@1baef878, org.springframework.security.web.context.request.async.WebAsyncManagerIntegrationFilter@6208f81c, org.springframework.security.web.context.SecurityContextPersistenceFilter@2796716d, org.springframework.security.web.header.HeaderWriterFilter@524032f9, org.springframework.security.web.csrf.CsrfFilter@47bcaf67, org.springframework.security.web.authentication.logout.LogoutFilter@54ebacdc, org.springframework.security.web.authentication.UsernamePasswordAuthenticationFilter@34b63def, org.springframework.security.web.authentication.ui.DefaultLoginPageGeneratingFilter@7d39c9c, org.springframework.security.web.authentication.ui.DefaultLogoutPageGeneratingFilter@67d4e8f7, org.springframework.security.web.authentication.www.BasicAuthenticationFilter@4d92e9da, org.springframework.security.web.savedrequest.RequestCacheAwareFilter@48b1f8f5, org.springframework.security.web.servletapi.SecurityContextHolderAwareRequestFilter@1bb5dce0, org.springframework.security.web.authentication.AnonymousAuthenticationFilter@3d5211ee, org.springframework.security.web.session.SessionManagementFilter@5f33123, org.springframework.security.web.access.ExceptionTranslationFilter@42a5bdaf, org.springframework.security.web.access.intercept.FilterSecurityInterceptor@3479b4cd]
2022-11-21 17:33:42.521  WARN 67117 --- [    Test worker] o.s.s.c.a.web.builders.WebSecurity       : You are asking Spring Security to ignore Ant [pattern='/**']. This is not recommended -- please use permitAll via HttpSecurity#authorizeHttpRequests instead.
2022-11-21 17:33:42.522  INFO 67117 --- [    Test worker] o.s.s.web.DefaultSecurityFilterChain     : Will not secure Ant [pattern='/**']
2022-11-21 17:33:42.548  INFO 67117 --- [    Test worker] o.s.b.t.m.w.SpringBootMockServletContext : Initializing Spring TestDispatcherServlet ''
2022-11-21 17:33:42.548  INFO 67117 --- [    Test worker] o.s.t.web.servlet.TestDispatcherServlet  : Initializing Servlet ''
2022-11-21 17:33:42.549  INFO 67117 --- [    Test worker] o.s.t.web.servlet.TestDispatcherServlet  : Completed initialization in 1 ms
2022-11-21 17:33:42.558  INFO 67117 --- [    Test worker] k.m.s.controllers.WelcomeControllerTest  : Started WelcomeControllerTest in 0.399 seconds (JVM running for 9.797)
]]></system-out>
  <system-err><![CDATA[]]></system-err>
</testsuite>
