<?xml version="1.0" encoding="UTF-8"?>
<testsuite name="kr.megaptera.shoppingMall.controllers.ReviewControllerTest" tests="4" skipped="0" failures="0" errors="0" timestamp="2022-12-05T13:47:54" hostname="seonghwan-ui-MacBookPro.local" time="0.034">
  <properties/>
  <testcase name="getBestReviews()" classname="kr.megaptera.shoppingMall.controllers.ReviewControllerTest" time="0.008"/>
  <testcase name="recommendation()" classname="kr.megaptera.shoppingMall.controllers.ReviewControllerTest" time="0.006"/>
  <testcase name="getReview()" classname="kr.megaptera.shoppingMall.controllers.ReviewControllerTest" time="0.009"/>
  <testcase name="getReviews()" classname="kr.megaptera.shoppingMall.controllers.ReviewControllerTest" time="0.006"/>
  <system-out><![CDATA[2022-12-05 22:47:53.569  INFO 39707 --- [    Test worker] .b.t.a.w.s.WebMvcTestContextBootstrapper : Neither @ContextConfiguration nor @ContextHierarchy found for test class [kr.megaptera.shoppingMall.controllers.ReviewControllerTest], using SpringBootContextLoader
2022-12-05 22:47:53.570  INFO 39707 --- [    Test worker] o.s.t.c.support.AbstractContextLoader    : Could not detect default resource locations for test class [kr.megaptera.shoppingMall.controllers.ReviewControllerTest]: no resource found for suffixes {-context.xml, Context.groovy}.
2022-12-05 22:47:53.570  INFO 39707 --- [    Test worker] t.c.s.AnnotationConfigContextLoaderUtils : Could not detect default configuration classes for test class [kr.megaptera.shoppingMall.controllers.ReviewControllerTest]: ReviewControllerTest does not declare any static, non-private, non-final, nested classes annotated with @Configuration.
2022-12-05 22:47:53.574  INFO 39707 --- [    Test worker] .b.t.c.SpringBootTestContextBootstrapper : Found @SpringBootConfiguration kr.megaptera.shoppingMall.ShoppingMallApplication for test class kr.megaptera.shoppingMall.controllers.ReviewControllerTest
2022-12-05 22:47:53.575  INFO 39707 --- [    Test worker] .b.t.a.w.s.WebMvcTestContextBootstrapper : Loaded default TestExecutionListener class names from location [META-INF/spring.factories]: [org.springframework.security.test.context.support.WithSecurityContextTestExecutionListener, org.springframework.security.test.context.support.ReactorContextTestExecutionListener, org.springframework.boot.test.autoconfigure.restdocs.RestDocsTestExecutionListener, org.springframework.boot.test.autoconfigure.web.client.MockRestServiceServerResetTestExecutionListener, org.springframework.boot.test.autoconfigure.web.servlet.MockMvcPrintOnlyOnFailureTestExecutionListener, org.springframework.boot.test.autoconfigure.web.servlet.WebDriverTestExecutionListener, org.springframework.boot.test.autoconfigure.webservices.client.MockWebServiceServerTestExecutionListener, org.springframework.boot.test.mock.mockito.MockitoTestExecutionListener, org.springframework.boot.test.mock.mockito.ResetMocksTestExecutionListener, org.springframework.test.context.web.ServletTestExecutionListener, org.springframework.test.context.support.DirtiesContextBeforeModesTestExecutionListener, org.springframework.test.context.event.ApplicationEventsTestExecutionListener, org.springframework.test.context.support.DependencyInjectionTestExecutionListener, org.springframework.test.context.support.DirtiesContextTestExecutionListener, org.springframework.test.context.transaction.TransactionalTestExecutionListener, org.springframework.test.context.jdbc.SqlScriptsTestExecutionListener, org.springframework.test.context.event.EventPublishingTestExecutionListener]
2022-12-05 22:47:53.575  INFO 39707 --- [    Test worker] .b.t.a.w.s.WebMvcTestContextBootstrapper : Using TestExecutionListeners: [org.springframework.test.context.web.ServletTestExecutionListener@56a72887, org.springframework.test.context.support.DirtiesContextBeforeModesTestExecutionListener@3c8dea0b, org.springframework.test.context.event.ApplicationEventsTestExecutionListener@4b9beefe, org.springframework.boot.test.mock.mockito.MockitoTestExecutionListener@4cddc036, org.springframework.boot.test.autoconfigure.SpringBootDependencyInjectionTestExecutionListener@23d12a3a, org.springframework.test.context.support.DirtiesContextTestExecutionListener@70df41f9, org.springframework.test.context.transaction.TransactionalTestExecutionListener@64a7ad02, org.springframework.test.context.jdbc.SqlScriptsTestExecutionListener@46590dd0, org.springframework.security.test.context.support.WithSecurityContextTestExecutionListener@6c737fdb, org.springframework.test.context.event.EventPublishingTestExecutionListener@66a93b25, org.springframework.security.test.context.support.ReactorContextTestExecutionListener@3f3f554f, org.springframework.boot.test.autoconfigure.restdocs.RestDocsTestExecutionListener@3186f8f5, org.springframework.boot.test.autoconfigure.web.client.MockRestServiceServerResetTestExecutionListener@467cd4b9, org.springframework.boot.test.autoconfigure.web.servlet.MockMvcPrintOnlyOnFailureTestExecutionListener@69a3bf40, org.springframework.boot.test.autoconfigure.web.servlet.WebDriverTestExecutionListener@2c731a16, org.springframework.boot.test.autoconfigure.webservices.client.MockWebServiceServerTestExecutionListener@2a341e3d, org.springframework.boot.test.mock.mockito.ResetMocksTestExecutionListener@a4dcede]

  .   ____          _            __ _ _
 /\\ / ___'_ __ _ _(_)_ __  __ _ \ \ \ \
( ( )\___ | '_ | '_| | '_ \/ _` | \ \ \ \
 \\/  ___)| |_)| | | | | || (_| |  ) ) ) )
  '  |____| .__|_| |_|_| |_\__, | / / / /
 =========|_|==============|___/=/_/_/_/
 :: Spring Boot ::                (v2.7.5)

2022-12-05 22:47:53.597  INFO 39707 --- [    Test worker] k.m.s.controllers.ReviewControllerTest   : Starting ReviewControllerTest using Java 17 on seonghwan-ui-MacBookPro.local with PID 39707 (started by seonghwan in /Users/seonghwan/work/shoppingmall-backend)
2022-12-05 22:47:53.597  INFO 39707 --- [    Test worker] k.m.s.controllers.ReviewControllerTest   : No active profile set, falling back to 1 default profile: "default"
2022-12-05 22:47:54.003  WARN 39707 --- [    Test worker] .s.s.UserDetailsServiceAutoConfiguration : 

Using generated security password: b4b414aa-c25f-46ee-83ba-88366118dee3

This generated password is for development use only. Your security configuration must be updated before running your application in production.

2022-12-05 22:47:54.069  INFO 39707 --- [    Test worker] o.s.s.web.DefaultSecurityFilterChain     : Will secure any request with [org.springframework.security.web.session.DisableEncodeUrlFilter@3ac326c0, org.springframework.security.web.context.request.async.WebAsyncManagerIntegrationFilter@5e5d40ec, org.springframework.security.web.context.SecurityContextPersistenceFilter@1c0fe6c5, org.springframework.security.web.header.HeaderWriterFilter@7b6854b5, org.springframework.security.web.csrf.CsrfFilter@1896299b, org.springframework.security.web.authentication.logout.LogoutFilter@a44ad33, org.springframework.security.web.authentication.UsernamePasswordAuthenticationFilter@69ed96e1, org.springframework.security.web.authentication.ui.DefaultLoginPageGeneratingFilter@b63365c, org.springframework.security.web.authentication.ui.DefaultLogoutPageGeneratingFilter@5b028f58, org.springframework.security.web.authentication.www.BasicAuthenticationFilter@61648dd2, org.springframework.security.web.savedrequest.RequestCacheAwareFilter@61607ff0, org.springframework.security.web.servletapi.SecurityContextHolderAwareRequestFilter@58945295, org.springframework.security.web.authentication.AnonymousAuthenticationFilter@1e4d93f7, org.springframework.security.web.session.SessionManagementFilter@357cdb00, org.springframework.security.web.access.ExceptionTranslationFilter@42d7e8bc, org.springframework.security.web.access.intercept.FilterSecurityInterceptor@6be1f37f]
2022-12-05 22:47:54.072  WARN 39707 --- [    Test worker] o.s.s.c.a.web.builders.WebSecurity       : You are asking Spring Security to ignore Ant [pattern='/**']. This is not recommended -- please use permitAll via HttpSecurity#authorizeHttpRequests instead.
2022-12-05 22:47:54.072  INFO 39707 --- [    Test worker] o.s.s.web.DefaultSecurityFilterChain     : Will not secure Ant [pattern='/**']
2022-12-05 22:47:54.104  INFO 39707 --- [    Test worker] o.s.b.t.m.w.SpringBootMockServletContext : Initializing Spring TestDispatcherServlet ''
2022-12-05 22:47:54.104  INFO 39707 --- [    Test worker] o.s.t.web.servlet.TestDispatcherServlet  : Initializing Servlet ''
2022-12-05 22:47:54.104  INFO 39707 --- [    Test worker] o.s.t.web.servlet.TestDispatcherServlet  : Completed initialization in 0 ms
2022-12-05 22:47:54.116  INFO 39707 --- [    Test worker] k.m.s.controllers.ReviewControllerTest   : Started ReviewControllerTest in 0.539 seconds (JVM running for 5.441)
]]></system-out>
  <system-err><![CDATA[]]></system-err>
</testsuite>
