<?xml version="1.0" encoding="UTF-8"?>
<testsuite name="kr.megaptera.shoppingMall.controllers.InquiryControllerTest" tests="6" skipped="0" failures="0" errors="0" timestamp="2022-12-05T13:47:52" hostname="seonghwan-ui-MacBookPro.local" time="0.306">
  <properties/>
  <testcase name="getInquiryDetail()" classname="kr.megaptera.shoppingMall.controllers.InquiryControllerTest" time="0.196"/>
  <testcase name="createInquiry()" classname="kr.megaptera.shoppingMall.controllers.InquiryControllerTest" time="0.06"/>
  <testcase name="myInquiryList()" classname="kr.megaptera.shoppingMall.controllers.InquiryControllerTest" time="0.012"/>
  <testcase name="getInquiryDetailWith()" classname="kr.megaptera.shoppingMall.controllers.InquiryControllerTest" time="0.008"/>
  <testcase name="createInquiryWithBlankContent()" classname="kr.megaptera.shoppingMall.controllers.InquiryControllerTest" time="0.009"/>
  <testcase name="inquiryList()" classname="kr.megaptera.shoppingMall.controllers.InquiryControllerTest" time="0.008"/>
  <system-out><![CDATA[22:47:49.561 [Test worker] DEBUG org.springframework.test.context.BootstrapUtils - Instantiating CacheAwareContextLoaderDelegate from class [org.springframework.test.context.cache.DefaultCacheAwareContextLoaderDelegate]
22:47:49.572 [Test worker] DEBUG org.springframework.test.context.BootstrapUtils - Instantiating BootstrapContext using constructor [public org.springframework.test.context.support.DefaultBootstrapContext(java.lang.Class,org.springframework.test.context.CacheAwareContextLoaderDelegate)]
22:47:49.613 [Test worker] DEBUG org.springframework.test.context.BootstrapUtils - Instantiating TestContextBootstrapper for test class [kr.megaptera.shoppingMall.controllers.InquiryControllerTest] from class [org.springframework.boot.test.autoconfigure.web.servlet.WebMvcTestContextBootstrapper]
22:47:49.625 [Test worker] INFO org.springframework.boot.test.autoconfigure.web.servlet.WebMvcTestContextBootstrapper - Neither @ContextConfiguration nor @ContextHierarchy found for test class [kr.megaptera.shoppingMall.controllers.InquiryControllerTest], using SpringBootContextLoader
22:47:49.630 [Test worker] DEBUG org.springframework.test.context.support.AbstractContextLoader - Did not detect default resource location for test class [kr.megaptera.shoppingMall.controllers.InquiryControllerTest]: class path resource [kr/megaptera/shoppingMall/controllers/InquiryControllerTest-context.xml] does not exist
22:47:49.630 [Test worker] DEBUG org.springframework.test.context.support.AbstractContextLoader - Did not detect default resource location for test class [kr.megaptera.shoppingMall.controllers.InquiryControllerTest]: class path resource [kr/megaptera/shoppingMall/controllers/InquiryControllerTestContext.groovy] does not exist
22:47:49.630 [Test worker] INFO org.springframework.test.context.support.AbstractContextLoader - Could not detect default resource locations for test class [kr.megaptera.shoppingMall.controllers.InquiryControllerTest]: no resource found for suffixes {-context.xml, Context.groovy}.
22:47:49.631 [Test worker] INFO org.springframework.test.context.support.AnnotationConfigContextLoaderUtils - Could not detect default configuration classes for test class [kr.megaptera.shoppingMall.controllers.InquiryControllerTest]: InquiryControllerTest does not declare any static, non-private, non-final, nested classes annotated with @Configuration.
22:47:49.713 [Test worker] DEBUG org.springframework.test.context.support.ActiveProfilesUtils - Could not find an 'annotation declaring class' for annotation type [org.springframework.test.context.ActiveProfiles] and class [kr.megaptera.shoppingMall.controllers.InquiryControllerTest]
22:47:49.788 [Test worker] DEBUG org.springframework.context.annotation.ClassPathScanningCandidateComponentProvider - Identified candidate component class: file [/Users/seonghwan/work/shoppingmall-backend/build/classes/java/main/kr/megaptera/shoppingMall/ShoppingMallApplication.class]
22:47:49.788 [Test worker] INFO org.springframework.boot.test.context.SpringBootTestContextBootstrapper - Found @SpringBootConfiguration kr.megaptera.shoppingMall.ShoppingMallApplication for test class kr.megaptera.shoppingMall.controllers.InquiryControllerTest
22:47:49.791 [Test worker] DEBUG org.springframework.boot.test.autoconfigure.web.servlet.WebMvcTestContextBootstrapper - @TestExecutionListeners is not present for class [kr.megaptera.shoppingMall.controllers.InquiryControllerTest]: using defaults.
22:47:49.791 [Test worker] INFO org.springframework.boot.test.autoconfigure.web.servlet.WebMvcTestContextBootstrapper - Loaded default TestExecutionListener class names from location [META-INF/spring.factories]: [org.springframework.security.test.context.support.WithSecurityContextTestExecutionListener, org.springframework.security.test.context.support.ReactorContextTestExecutionListener, org.springframework.boot.test.autoconfigure.restdocs.RestDocsTestExecutionListener, org.springframework.boot.test.autoconfigure.web.client.MockRestServiceServerResetTestExecutionListener, org.springframework.boot.test.autoconfigure.web.servlet.MockMvcPrintOnlyOnFailureTestExecutionListener, org.springframework.boot.test.autoconfigure.web.servlet.WebDriverTestExecutionListener, org.springframework.boot.test.autoconfigure.webservices.client.MockWebServiceServerTestExecutionListener, org.springframework.boot.test.mock.mockito.MockitoTestExecutionListener, org.springframework.boot.test.mock.mockito.ResetMocksTestExecutionListener, org.springframework.test.context.web.ServletTestExecutionListener, org.springframework.test.context.support.DirtiesContextBeforeModesTestExecutionListener, org.springframework.test.context.event.ApplicationEventsTestExecutionListener, org.springframework.test.context.support.DependencyInjectionTestExecutionListener, org.springframework.test.context.support.DirtiesContextTestExecutionListener, org.springframework.test.context.transaction.TransactionalTestExecutionListener, org.springframework.test.context.jdbc.SqlScriptsTestExecutionListener, org.springframework.test.context.event.EventPublishingTestExecutionListener]
22:47:49.810 [Test worker] INFO org.springframework.boot.test.autoconfigure.web.servlet.WebMvcTestContextBootstrapper - Using TestExecutionListeners: [org.springframework.test.context.web.ServletTestExecutionListener@3a62c01e, org.springframework.test.context.support.DirtiesContextBeforeModesTestExecutionListener@7a8fa663, org.springframework.test.context.event.ApplicationEventsTestExecutionListener@5ce33a58, org.springframework.boot.test.mock.mockito.MockitoTestExecutionListener@78a287ed, org.springframework.boot.test.autoconfigure.SpringBootDependencyInjectionTestExecutionListener@546ccad7, org.springframework.test.context.support.DirtiesContextTestExecutionListener@5357c287, org.springframework.test.context.transaction.TransactionalTestExecutionListener@1623134f, org.springframework.test.context.jdbc.SqlScriptsTestExecutionListener@7a527389, org.springframework.security.test.context.support.WithSecurityContextTestExecutionListener@485a3466, org.springframework.test.context.event.EventPublishingTestExecutionListener@25748410, org.springframework.security.test.context.support.ReactorContextTestExecutionListener@2b43529a, org.springframework.boot.test.autoconfigure.restdocs.RestDocsTestExecutionListener@4264b240, org.springframework.boot.test.autoconfigure.web.client.MockRestServiceServerResetTestExecutionListener@5b04476e, org.springframework.boot.test.autoconfigure.web.servlet.MockMvcPrintOnlyOnFailureTestExecutionListener@5ad10c1a, org.springframework.boot.test.autoconfigure.web.servlet.WebDriverTestExecutionListener@6bb75258, org.springframework.boot.test.autoconfigure.webservices.client.MockWebServiceServerTestExecutionListener@c260bdc, org.springframework.boot.test.mock.mockito.ResetMocksTestExecutionListener@75e01201]
22:47:49.814 [Test worker] DEBUG org.springframework.test.context.support.AbstractDirtiesContextTestExecutionListener - Before test class: context [DefaultTestContext@62435e70 testClass = InquiryControllerTest, testInstance = [null], testMethod = [null], testException = [null], mergedContextConfiguration = [WebMergedContextConfiguration@339bf286 testClass = InquiryControllerTest, locations = '{}', classes = '{class kr.megaptera.shoppingMall.ShoppingMallApplication}', contextInitializerClasses = '[]', activeProfiles = '{}', propertySourceLocations = '{}', propertySourceProperties = '{org.springframework.boot.test.autoconfigure.web.servlet.WebMvcTestContextBootstrapper=true}', contextCustomizers = set[org.springframework.boot.test.autoconfigure.OverrideAutoConfigurationContextCustomizerFactory$DisableAutoConfigurationContextCustomizer@2445445a, org.springframework.boot.test.autoconfigure.actuate.metrics.MetricsExportContextCustomizerFactory$DisableMetricExportContextCustomizer@22bac7bc, org.springframework.boot.test.autoconfigure.filter.TypeExcludeFiltersContextCustomizer@25d48a58, org.springframework.boot.test.autoconfigure.properties.PropertyMappingContextCustomizer@29fe505, org.springframework.boot.test.autoconfigure.web.servlet.WebDriverContextCustomizerFactory$Customizer@30b19518, [ImportsContextCustomizer@38be305c key = [kr.megaptera.shoppingMall.annotations.MockMvcEncoding$Config, org.springframework.boot.autoconfigure.cache.CacheAutoConfiguration, org.springframework.boot.autoconfigure.context.MessageSourceAutoConfiguration, org.springframework.boot.autoconfigure.data.web.SpringDataWebAutoConfiguration, org.springframework.boot.autoconfigure.freemarker.FreeMarkerAutoConfiguration, org.springframework.boot.autoconfigure.groovy.template.GroovyTemplateAutoConfiguration, org.springframework.boot.autoconfigure.gson.GsonAutoConfiguration, org.springframework.boot.autoconfigure.hateoas.HypermediaAutoConfiguration, org.springframework.boot.autoconfigure.http.HttpMessageConvertersAutoConfiguration, org.springframework.boot.autoconfigure.jackson.JacksonAutoConfiguration, org.springframework.boot.autoconfigure.jsonb.JsonbAutoConfiguration, org.springframework.boot.autoconfigure.mustache.MustacheAutoConfiguration, org.springframework.boot.autoconfigure.task.TaskExecutionAutoConfiguration, org.springframework.boot.autoconfigure.thymeleaf.ThymeleafAutoConfiguration, org.springframework.boot.autoconfigure.validation.ValidationAutoConfiguration, org.springframework.boot.autoconfigure.web.servlet.error.ErrorMvcAutoConfiguration, org.springframework.boot.autoconfigure.web.servlet.HttpEncodingAutoConfiguration, org.springframework.boot.autoconfigure.web.servlet.WebMvcAutoConfiguration, org.springframework.boot.test.autoconfigure.web.servlet.MockMvcAutoConfiguration, org.springframework.boot.test.autoconfigure.web.servlet.MockMvcWebClientAutoConfiguration, org.springframework.boot.test.autoconfigure.web.servlet.MockMvcWebDriverAutoConfiguration, org.springframework.boot.autoconfigure.security.oauth2.client.servlet.OAuth2ClientAutoConfiguration, org.springframework.boot.autoconfigure.security.oauth2.resource.servlet.OAuth2ResourceServerAutoConfiguration, org.springframework.boot.autoconfigure.security.servlet.SecurityAutoConfiguration, org.springframework.boot.autoconfigure.security.servlet.SecurityFilterAutoConfiguration, org.springframework.boot.autoconfigure.security.servlet.UserDetailsServiceAutoConfiguration, org.springframework.boot.test.autoconfigure.web.servlet.MockMvcSecurityConfiguration, org.springframework.boot.test.autoconfigure.web.reactive.WebTestClientAutoConfiguration]], org.springframework.boot.test.context.filter.ExcludeFilterContextCustomizer@4af0df05, org.springframework.boot.test.json.DuplicateJsonObjectContextCustomizerFactory$DuplicateJsonObjectContextCustomizer@674bd420, org.springframework.boot.test.mock.mockito.MockitoContextCustomizer@37d277b5, org.springframework.boot.test.context.SpringBootTestArgs@1, org.springframework.boot.test.context.SpringBootTestWebEnvironment@0], resourceBasePath = 'src/main/webapp', contextLoader = 'org.springframework.boot.test.context.SpringBootContextLoader', parent = [null]], attributes = map[[empty]]], class annotated with @DirtiesContext [false] with mode [null].

  .   ____          _            __ _ _
 /\\ / ___'_ __ _ _(_)_ __  __ _ \ \ \ \
( ( )\___ | '_ | '_| | '_ \/ _` | \ \ \ \
 \\/  ___)| |_)| | | | | || (_| |  ) ) ) )
  '  |____| .__|_| |_|_| |_\__, | / / / /
 =========|_|==============|___/=/_/_/_/
 :: Spring Boot ::                (v2.7.5)

2022-12-05 22:47:50.194  INFO 39707 --- [    Test worker] k.m.s.controllers.InquiryControllerTest  : Starting InquiryControllerTest using Java 17 on seonghwan-ui-MacBookPro.local with PID 39707 (started by seonghwan in /Users/seonghwan/work/shoppingmall-backend)
2022-12-05 22:47:50.195  INFO 39707 --- [    Test worker] k.m.s.controllers.InquiryControllerTest  : No active profile set, falling back to 1 default profile: "default"
2022-12-05 22:47:52.173  WARN 39707 --- [    Test worker] .s.s.UserDetailsServiceAutoConfiguration : 

Using generated security password: 4a810ff1-e462-466d-8548-a62bd1a2c552

This generated password is for development use only. Your security configuration must be updated before running your application in production.

2022-12-05 22:47:52.350  INFO 39707 --- [    Test worker] o.s.s.web.DefaultSecurityFilterChain     : Will secure any request with [org.springframework.security.web.session.DisableEncodeUrlFilter@11c3ce6a, org.springframework.security.web.context.request.async.WebAsyncManagerIntegrationFilter@1a3b1f7e, org.springframework.security.web.context.SecurityContextPersistenceFilter@5d9bb69b, org.springframework.security.web.header.HeaderWriterFilter@302da330, org.springframework.security.web.csrf.CsrfFilter@7769d9b6, org.springframework.security.web.authentication.logout.LogoutFilter@5b1ff8cd, org.springframework.security.web.authentication.UsernamePasswordAuthenticationFilter@33a71d23, org.springframework.security.web.authentication.ui.DefaultLoginPageGeneratingFilter@4b09d1c3, org.springframework.security.web.authentication.ui.DefaultLogoutPageGeneratingFilter@22899683, org.springframework.security.web.authentication.www.BasicAuthenticationFilter@11f3400c, org.springframework.security.web.savedrequest.RequestCacheAwareFilter@7ffcb232, org.springframework.security.web.servletapi.SecurityContextHolderAwareRequestFilter@7f53fc38, org.springframework.security.web.authentication.AnonymousAuthenticationFilter@40017e98, org.springframework.security.web.session.SessionManagementFilter@173b1af1, org.springframework.security.web.access.ExceptionTranslationFilter@63c84d31, org.springframework.security.web.access.intercept.FilterSecurityInterceptor@30c8c6ab]
2022-12-05 22:47:52.355  WARN 39707 --- [    Test worker] o.s.s.c.a.web.builders.WebSecurity       : You are asking Spring Security to ignore Ant [pattern='/**']. This is not recommended -- please use permitAll via HttpSecurity#authorizeHttpRequests instead.
2022-12-05 22:47:52.355  INFO 39707 --- [    Test worker] o.s.s.web.DefaultSecurityFilterChain     : Will not secure Ant [pattern='/**']
2022-12-05 22:47:52.430  INFO 39707 --- [    Test worker] o.s.b.t.m.w.SpringBootMockServletContext : Initializing Spring TestDispatcherServlet ''
2022-12-05 22:47:52.431  INFO 39707 --- [    Test worker] o.s.t.web.servlet.TestDispatcherServlet  : Initializing Servlet ''
2022-12-05 22:47:52.432  INFO 39707 --- [    Test worker] o.s.t.web.servlet.TestDispatcherServlet  : Completed initialization in 1 ms
2022-12-05 22:47:52.541  INFO 39707 --- [    Test worker] k.m.s.controllers.InquiryControllerTest  : Started InquiryControllerTest in 2.68 seconds (JVM running for 3.867)
2022-12-05 22:47:52.845  WARN 39707 --- [    Test worker] .w.s.m.s.DefaultHandlerExceptionResolver : Resolved [org.springframework.http.converter.HttpMessageNotReadableException: JSON parse error: Unexpected character ('"' (code 34)): was expecting comma to separate Object entries; nested exception is com.fasterxml.jackson.core.JsonParseException: Unexpected character ('"' (code 34)): was expecting comma to separate Object entries<EOL> at [Source: (org.springframework.util.StreamUtils$NonClosingInputStream); line: 1, column: 44]]
]]></system-out>
  <system-err><![CDATA[]]></system-err>
</testsuite>
