<?xml version="1.0" encoding="UTF-8"?>
<testsuite name="kr.megaptera.shoppingMall.services.GetBestReviewsServiceTest" tests="3" skipped="0" failures="0" errors="0" timestamp="2022-11-21T08:33:43" hostname="seonghwan-ui-MacBookPro.local" time="0.01">
  <properties/>
  <testcase name="reviewsWith2reviews()" classname="kr.megaptera.shoppingMall.services.GetBestReviewsServiceTest" time="0.006"/>
  <testcase name="reviewsWith5ReviewsWithPage2()" classname="kr.megaptera.shoppingMall.services.GetBestReviewsServiceTest" time="0.001"/>
  <testcase name="reviewsWith5Reviews()" classname="kr.megaptera.shoppingMall.services.GetBestReviewsServiceTest" time="0.001"/>
  <system-out><![CDATA[]]></system-out>
  <system-err><![CDATA[]]></system-err>
</testsuite>
