<?xml version="1.0" encoding="UTF-8"?>
<testsuite name="kr.megaptera.shoppingMall.models.OptionTest" tests="1" skipped="0" failures="0" errors="0" timestamp="2022-12-05T13:47:58" hostname="seonghwan-ui-MacBookPro.local" time="0.004">
  <properties/>
  <testcase name="equals()" classname="kr.megaptera.shoppingMall.models.OptionTest" time="0.004"/>
  <system-out><![CDATA[]]></system-out>
  <system-err><![CDATA[]]></system-err>
</testsuite>
