<?xml version="1.0" encoding="UTF-8"?>
<testsuite name="kr.megaptera.shoppingMall.controllers.WishControllerTest" tests="3" skipped="0" failures="0" errors="0" timestamp="2022-11-21T08:33:43" hostname="seonghwan-ui-MacBookPro.local" time="0.024">
  <properties/>
  <testcase name="getProductWishes()" classname="kr.megaptera.shoppingMall.controllers.WishControllerTest" time="0.008"/>
  <testcase name="createWishes()" classname="kr.megaptera.shoppingMall.controllers.WishControllerTest" time="0.008"/>
  <testcase name="alreadyExistWishes()" classname="kr.megaptera.shoppingMall.controllers.WishControllerTest" time="0.006"/>
  <system-out><![CDATA[2022-11-21 17:33:42.568  INFO 67117 --- [    Test worker] .b.t.a.w.s.WebMvcTestContextBootstrapper : Neither @ContextConfiguration nor @ContextHierarchy found for test class [kr.megaptera.shoppingMall.controllers.WishControllerTest], using SpringBootContextLoader
2022-11-21 17:33:42.568  INFO 67117 --- [    Test worker] o.s.t.c.support.AbstractContextLoader    : Could not detect default resource locations for test class [kr.megaptera.shoppingMall.controllers.WishControllerTest]: no resource found for suffixes {-context.xml, Context.groovy}.
2022-11-21 17:33:42.568  INFO 67117 --- [    Test worker] t.c.s.AnnotationConfigContextLoaderUtils : Could not detect default configuration classes for test class [kr.megaptera.shoppingMall.controllers.WishControllerTest]: WishControllerTest does not declare any static, non-private, non-final, nested classes annotated with @Configuration.
2022-11-21 17:33:42.572  INFO 67117 --- [    Test worker] .b.t.c.SpringBootTestContextBootstrapper : Found @SpringBootConfiguration kr.megaptera.shoppingMall.ShoppingMallApplication for test class kr.megaptera.shoppingMall.controllers.WishControllerTest
2022-11-21 17:33:42.572  INFO 67117 --- [    Test worker] .b.t.a.w.s.WebMvcTestContextBootstrapper : Loaded default TestExecutionListener class names from location [META-INF/spring.factories]: [org.springframework.security.test.context.support.WithSecurityContextTestExecutionListener, org.springframework.security.test.context.support.ReactorContextTestExecutionListener, org.springframework.boot.test.autoconfigure.restdocs.RestDocsTestExecutionListener, org.springframework.boot.test.autoconfigure.web.client.MockRestServiceServerResetTestExecutionListener, org.springframework.boot.test.autoconfigure.web.servlet.MockMvcPrintOnlyOnFailureTestExecutionListener, org.springframework.boot.test.autoconfigure.web.servlet.WebDriverTestExecutionListener, org.springframework.boot.test.autoconfigure.webservices.client.MockWebServiceServerTestExecutionListener, org.springframework.boot.test.mock.mockito.MockitoTestExecutionListener, org.springframework.boot.test.mock.mockito.ResetMocksTestExecutionListener, org.springframework.test.context.web.ServletTestExecutionListener, org.springframework.test.context.support.DirtiesContextBeforeModesTestExecutionListener, org.springframework.test.context.event.ApplicationEventsTestExecutionListener, org.springframework.test.context.support.DependencyInjectionTestExecutionListener, org.springframework.test.context.support.DirtiesContextTestExecutionListener, org.springframework.test.context.transaction.TransactionalTestExecutionListener, org.springframework.test.context.jdbc.SqlScriptsTestExecutionListener, org.springframework.test.context.event.EventPublishingTestExecutionListener]
2022-11-21 17:33:42.573  INFO 67117 --- [    Test worker] .b.t.a.w.s.WebMvcTestContextBootstrapper : Using TestExecutionListeners: [org.springframework.test.context.web.ServletTestExecutionListener@4d2068ea, org.springframework.test.context.support.DirtiesContextBeforeModesTestExecutionListener@65a42136, org.springframework.test.context.event.ApplicationEventsTestExecutionListener@5145dddc, org.springframework.boot.test.mock.mockito.MockitoTestExecutionListener@3b191676, org.springframework.boot.test.autoconfigure.SpringBootDependencyInjectionTestExecutionListener@75b05ec7, org.springframework.test.context.support.DirtiesContextTestExecutionListener@31d96cd6, org.springframework.test.context.transaction.TransactionalTestExecutionListener@4e0dec0c, org.springframework.test.context.jdbc.SqlScriptsTestExecutionListener@3dd4f91d, org.springframework.security.test.context.support.WithSecurityContextTestExecutionListener@4a65ce06, org.springframework.test.context.event.EventPublishingTestExecutionListener@30a0a440, org.springframework.security.test.context.support.ReactorContextTestExecutionListener@116c43d4, org.springframework.boot.test.autoconfigure.restdocs.RestDocsTestExecutionListener@b6a5cf5, org.springframework.boot.test.autoconfigure.web.client.MockRestServiceServerResetTestExecutionListener@6f1ba660, org.springframework.boot.test.autoconfigure.web.servlet.MockMvcPrintOnlyOnFailureTestExecutionListener@5aac9d67, org.springframework.boot.test.autoconfigure.web.servlet.WebDriverTestExecutionListener@292d1705, org.springframework.boot.test.autoconfigure.webservices.client.MockWebServiceServerTestExecutionListener@70796b21, org.springframework.boot.test.mock.mockito.ResetMocksTestExecutionListener@4263fbe8]

  .   ____          _            __ _ _
 /\\ / ___'_ __ _ _(_)_ __  __ _ \ \ \ \
( ( )\___ | '_ | '_| | '_ \/ _` | \ \ \ \
 \\/  ___)| |_)| | | | | || (_| |  ) ) ) )
  '  |____| .__|_| |_|_| |_\__, | / / / /
 =========|_|==============|___/=/_/_/_/
 :: Spring Boot ::                (v2.7.5)

2022-11-21 17:33:42.589  INFO 67117 --- [    Test worker] k.m.s.controllers.WishControllerTest     : Starting WishControllerTest using Java 17 on seonghwan-ui-MacBookPro.local with PID 67117 (started by seonghwan in /Users/seonghwan/work/shoppingmall-backend)
2022-11-21 17:33:42.589  INFO 67117 --- [    Test worker] k.m.s.controllers.WishControllerTest     : No active profile set, falling back to 1 default profile: "default"
2022-11-21 17:33:42.916  WARN 67117 --- [    Test worker] .s.s.UserDetailsServiceAutoConfiguration : 

Using generated security password: 218028b8-355e-4d3e-884d-cdec87abcd6a

This generated password is for development use only. Your security configuration must be updated before running your application in production.

2022-11-21 17:33:42.977  INFO 67117 --- [    Test worker] o.s.s.web.DefaultSecurityFilterChain     : Will secure any request with [org.springframework.security.web.session.DisableEncodeUrlFilter@6cd8aee2, org.springframework.security.web.context.request.async.WebAsyncManagerIntegrationFilter@28f33810, org.springframework.security.web.context.SecurityContextPersistenceFilter@54a81a18, org.springframework.security.web.header.HeaderWriterFilter@43ee585f, org.springframework.security.web.csrf.CsrfFilter@5753e0c4, org.springframework.security.web.authentication.logout.LogoutFilter@64078e6a, org.springframework.security.web.authentication.UsernamePasswordAuthenticationFilter@2fa81b23, org.springframework.security.web.authentication.ui.DefaultLoginPageGeneratingFilter@5862a07b, org.springframework.security.web.authentication.ui.DefaultLogoutPageGeneratingFilter@476d5f2e, org.springframework.security.web.authentication.www.BasicAuthenticationFilter@155788a7, org.springframework.security.web.savedrequest.RequestCacheAwareFilter@591e27f1, org.springframework.security.web.servletapi.SecurityContextHolderAwareRequestFilter@6803b02d, org.springframework.security.web.authentication.AnonymousAuthenticationFilter@6e56f5d4, org.springframework.security.web.session.SessionManagementFilter@1cb58c8a, org.springframework.security.web.access.ExceptionTranslationFilter@49588c70, org.springframework.security.web.access.intercept.FilterSecurityInterceptor@380f9c1d]
2022-11-21 17:33:42.979  WARN 67117 --- [    Test worker] o.s.s.c.a.web.builders.WebSecurity       : You are asking Spring Security to ignore Ant [pattern='/**']. This is not recommended -- please use permitAll via HttpSecurity#authorizeHttpRequests instead.
2022-11-21 17:33:42.980  INFO 67117 --- [    Test worker] o.s.s.web.DefaultSecurityFilterChain     : Will not secure Ant [pattern='/**']
2022-11-21 17:33:43.001  INFO 67117 --- [    Test worker] o.s.b.t.m.w.SpringBootMockServletContext : Initializing Spring TestDispatcherServlet ''
2022-11-21 17:33:43.001  INFO 67117 --- [    Test worker] o.s.t.web.servlet.TestDispatcherServlet  : Initializing Servlet ''
2022-11-21 17:33:43.002  INFO 67117 --- [    Test worker] o.s.t.web.servlet.TestDispatcherServlet  : Completed initialization in 1 ms
2022-11-21 17:33:43.010  INFO 67117 --- [    Test worker] k.m.s.controllers.WishControllerTest     : Started WishControllerTest in 0.435 seconds (JVM running for 10.249)
]]></system-out>
  <system-err><![CDATA[]]></system-err>
</testsuite>
