<?xml version="1.0" encoding="UTF-8"?>
<testsuite name="kr.megaptera.shoppingMall.models.ProductTest" tests="2" skipped="0" failures="0" errors="0" timestamp="2022-11-21T08:33:43" hostname="seonghwan-ui-MacBookPro.local" time="0.076">
  <properties/>
  <testcase name="fake()" classname="kr.megaptera.shoppingMall.models.ProductTest" time="0.072"/>
  <testcase name="toDto()" classname="kr.megaptera.shoppingMall.models.ProductTest" time="0.003"/>
  <system-out><![CDATA[]]></system-out>
  <system-err><![CDATA[]]></system-err>
</testsuite>
