<?xml version="1.0" encoding="UTF-8"?>
<testsuite name="kr.megaptera.shoppingMall.ShoppingMallApplicationTests" tests="1" skipped="0" failures="0" errors="0" timestamp="2022-12-05T13:47:58" hostname="seonghwan-ui-MacBookPro.local" time="0.002">
  <properties/>
  <testcase name="contextLoads()" classname="kr.megaptera.shoppingMall.ShoppingMallApplicationTests" time="0.002"/>
  <system-out><![CDATA[2022-12-05 22:47:55.715  INFO 39707 --- [    Test worker] .b.t.c.SpringBootTestContextBootstrapper : Neither @ContextConfiguration nor @ContextHierarchy found for test class [kr.megaptera.shoppingMall.ShoppingMallApplicationTests], using SpringBootContextLoader
2022-12-05 22:47:55.715  INFO 39707 --- [    Test worker] o.s.t.c.support.AbstractContextLoader    : Could not detect default resource locations for test class [kr.megaptera.shoppingMall.ShoppingMallApplicationTests]: no resource found for suffixes {-context.xml, Context.groovy}.
2022-12-05 22:47:55.715  INFO 39707 --- [    Test worker] t.c.s.AnnotationConfigContextLoaderUtils : Could not detect default configuration classes for test class [kr.megaptera.shoppingMall.ShoppingMallApplicationTests]: ShoppingMallApplicationTests does not declare any static, non-private, non-final, nested classes annotated with @Configuration.
2022-12-05 22:47:55.720  INFO 39707 --- [    Test worker] .b.t.c.SpringBootTestContextBootstrapper : Found @SpringBootConfiguration kr.megaptera.shoppingMall.ShoppingMallApplication for test class kr.megaptera.shoppingMall.ShoppingMallApplicationTests
2022-12-05 22:47:55.722  INFO 39707 --- [    Test worker] .b.t.c.SpringBootTestContextBootstrapper : Loaded default TestExecutionListener class names from location [META-INF/spring.factories]: [org.springframework.security.test.context.support.WithSecurityContextTestExecutionListener, org.springframework.security.test.context.support.ReactorContextTestExecutionListener, org.springframework.boot.test.autoconfigure.restdocs.RestDocsTestExecutionListener, org.springframework.boot.test.autoconfigure.web.client.MockRestServiceServerResetTestExecutionListener, org.springframework.boot.test.autoconfigure.web.servlet.MockMvcPrintOnlyOnFailureTestExecutionListener, org.springframework.boot.test.autoconfigure.web.servlet.WebDriverTestExecutionListener, org.springframework.boot.test.autoconfigure.webservices.client.MockWebServiceServerTestExecutionListener, org.springframework.boot.test.mock.mockito.MockitoTestExecutionListener, org.springframework.boot.test.mock.mockito.ResetMocksTestExecutionListener, org.springframework.test.context.web.ServletTestExecutionListener, org.springframework.test.context.support.DirtiesContextBeforeModesTestExecutionListener, org.springframework.test.context.event.ApplicationEventsTestExecutionListener, org.springframework.test.context.support.DependencyInjectionTestExecutionListener, org.springframework.test.context.support.DirtiesContextTestExecutionListener, org.springframework.test.context.transaction.TransactionalTestExecutionListener, org.springframework.test.context.jdbc.SqlScriptsTestExecutionListener, org.springframework.test.context.event.EventPublishingTestExecutionListener]
2022-12-05 22:47:55.723  INFO 39707 --- [    Test worker] .b.t.c.SpringBootTestContextBootstrapper : Using TestExecutionListeners: [org.springframework.test.context.web.ServletTestExecutionListener@11fa11b2, org.springframework.test.context.support.DirtiesContextBeforeModesTestExecutionListener@29ddaa8e, org.springframework.test.context.event.ApplicationEventsTestExecutionListener@4c678a1f, org.springframework.boot.test.mock.mockito.MockitoTestExecutionListener@217009bd, org.springframework.boot.test.autoconfigure.SpringBootDependencyInjectionTestExecutionListener@6046fba0, org.springframework.test.context.support.DirtiesContextTestExecutionListener@248ba4fc, org.springframework.test.context.transaction.TransactionalTestExecutionListener@54cce500, org.springframework.test.context.jdbc.SqlScriptsTestExecutionListener@755033c5, org.springframework.security.test.context.support.WithSecurityContextTestExecutionListener@229c4d34, org.springframework.test.context.event.EventPublishingTestExecutionListener@5b49b1df, org.springframework.security.test.context.support.ReactorContextTestExecutionListener@689eab53, org.springframework.boot.test.autoconfigure.restdocs.RestDocsTestExecutionListener@1c24639e, org.springframework.boot.test.autoconfigure.web.client.MockRestServiceServerResetTestExecutionListener@5c9168c3, org.springframework.boot.test.autoconfigure.web.servlet.MockMvcPrintOnlyOnFailureTestExecutionListener@4ac0fdc7, org.springframework.boot.test.autoconfigure.web.servlet.WebDriverTestExecutionListener@571903ff, org.springframework.boot.test.autoconfigure.webservices.client.MockWebServiceServerTestExecutionListener@689ea211, org.springframework.boot.test.mock.mockito.ResetMocksTestExecutionListener@3f1e18b1]

  .   ____          _            __ _ _
 /\\ / ___'_ __ _ _(_)_ __  __ _ \ \ \ \
( ( )\___ | '_ | '_| | '_ \/ _` | \ \ \ \
 \\/  ___)| |_)| | | | | || (_| |  ) ) ) )
  '  |____| .__|_| |_|_| |_\__, | / / / /
 =========|_|==============|___/=/_/_/_/
 :: Spring Boot ::                (v2.7.5)

2022-12-05 22:47:55.737  INFO 39707 --- [    Test worker] k.m.s.ShoppingMallApplicationTests       : Starting ShoppingMallApplicationTests using Java 17 on seonghwan-ui-MacBookPro.local with PID 39707 (started by seonghwan in /Users/seonghwan/work/shoppingmall-backend)
2022-12-05 22:47:55.737  INFO 39707 --- [    Test worker] k.m.s.ShoppingMallApplicationTests       : The following 1 profile is active: "test"
2022-12-05 22:47:55.953  INFO 39707 --- [    Test worker] .s.d.r.c.RepositoryConfigurationDelegate : Bootstrapping Spring Data JPA repositories in DEFAULT mode.
2022-12-05 22:47:56.012  INFO 39707 --- [    Test worker] .s.d.r.c.RepositoryConfigurationDelegate : Finished Spring Data repository scanning in 52 ms. Found 9 JPA repository interfaces.
2022-12-05 22:47:56.274  INFO 39707 --- [    Test worker] o.hibernate.jpa.internal.util.LogHelper  : HHH000204: Processing PersistenceUnitInfo [name: default]
2022-12-05 22:47:56.323  INFO 39707 --- [    Test worker] org.hibernate.Version                    : HHH000412: Hibernate ORM core version 5.6.12.Final
2022-12-05 22:47:56.359  INFO 39707 --- [    Test worker] o.hibernate.annotations.common.Version   : HCANN000001: Hibernate Commons Annotations {5.1.2.Final}
2022-12-05 22:47:56.457  INFO 39707 --- [    Test worker] com.zaxxer.hikari.HikariDataSource       : HikariPool-1 - Starting...
2022-12-05 22:47:56.642  INFO 39707 --- [    Test worker] com.zaxxer.hikari.HikariDataSource       : HikariPool-1 - Start completed.
2022-12-05 22:47:56.673  INFO 39707 --- [    Test worker] org.hibernate.dialect.Dialect            : HHH000400: Using dialect: org.hibernate.dialect.H2Dialect
2022-12-05 22:47:57.249  INFO 39707 --- [    Test worker] o.h.e.t.j.p.i.JtaPlatformInitiator       : HHH000490: Using JtaPlatform implementation: [org.hibernate.engine.transaction.jta.platform.internal.NoJtaPlatform]
2022-12-05 22:47:57.258  INFO 39707 --- [    Test worker] j.LocalContainerEntityManagerFactoryBean : Initialized JPA EntityManagerFactory for persistence unit 'default'
2022-12-05 22:47:58.059  WARN 39707 --- [    Test worker] JpaBaseConfiguration$JpaWebConfiguration : spring.jpa.open-in-view is enabled by default. Therefore, database queries may be performed during view rendering. Explicitly configure spring.jpa.open-in-view to disable this warning
2022-12-05 22:47:58.261  WARN 39707 --- [    Test worker] .s.s.UserDetailsServiceAutoConfiguration : 

Using generated security password: 4517dd47-0e88-404b-a010-09579c26acb1

This generated password is for development use only. Your security configuration must be updated before running your application in production.

2022-12-05 22:47:58.326  INFO 39707 --- [    Test worker] o.s.s.web.DefaultSecurityFilterChain     : Will secure any request with [org.springframework.security.web.session.DisableEncodeUrlFilter@2176d934, org.springframework.security.web.context.request.async.WebAsyncManagerIntegrationFilter@7a506493, org.springframework.security.web.context.SecurityContextPersistenceFilter@1881ef74, org.springframework.security.web.header.HeaderWriterFilter@1254e9a7, org.springframework.security.web.csrf.CsrfFilter@413fe58f, org.springframework.security.web.authentication.logout.LogoutFilter@1f3b8bfe, org.springframework.security.web.authentication.UsernamePasswordAuthenticationFilter@72e76649, org.springframework.security.web.authentication.ui.DefaultLoginPageGeneratingFilter@5fa73f3a, org.springframework.security.web.authentication.ui.DefaultLogoutPageGeneratingFilter@334c80be, org.springframework.security.web.authentication.www.BasicAuthenticationFilter@111c9be, org.springframework.security.web.savedrequest.RequestCacheAwareFilter@2fcf1d27, org.springframework.security.web.servletapi.SecurityContextHolderAwareRequestFilter@1ae3d0a8, org.springframework.security.web.authentication.AnonymousAuthenticationFilter@3c1fe350, org.springframework.security.web.session.SessionManagementFilter@262c75a3, org.springframework.security.web.access.ExceptionTranslationFilter@49ffd0cb, org.springframework.security.web.access.intercept.FilterSecurityInterceptor@229f3c5d]
2022-12-05 22:47:58.329  WARN 39707 --- [    Test worker] o.s.s.c.a.web.builders.WebSecurity       : You are asking Spring Security to ignore Ant [pattern='/**']. This is not recommended -- please use permitAll via HttpSecurity#authorizeHttpRequests instead.
2022-12-05 22:47:58.329  INFO 39707 --- [    Test worker] o.s.s.web.DefaultSecurityFilterChain     : Will not secure Ant [pattern='/**']
2022-12-05 22:47:58.422  INFO 39707 --- [    Test worker] k.m.s.ShoppingMallApplicationTests       : Started ShoppingMallApplicationTests in 2.698 seconds (JVM running for 9.748)
]]></system-out>
  <system-err><![CDATA[]]></system-err>
</testsuite>
