<?xml version="1.0" encoding="UTF-8"?>
<testsuite name="kr.megaptera.shoppingMall.services.CreateRecommendationServiceTest" tests="2" skipped="0" failures="0" errors="0" timestamp="2022-12-05T13:47:59" hostname="seonghwan-ui-MacBookPro.local" time="0.012">
  <properties/>
  <testcase name="deleteRecommendation()" classname="kr.megaptera.shoppingMall.services.CreateRecommendationServiceTest" time="0.011"/>
  <testcase name="createRecommendation()" classname="kr.megaptera.shoppingMall.services.CreateRecommendationServiceTest" time="0.001"/>
  <system-out><![CDATA[]]></system-out>
  <system-err><![CDATA[]]></system-err>
</testsuite>
