<?xml version="1.0" encoding="UTF-8"?>
<testsuite name="kr.megaptera.shoppingMall.controllers.CartControllerTest" tests="5" skipped="0" failures="0" errors="0" timestamp="2022-12-05T13:47:58" hostname="seonghwan-ui-MacBookPro.local" time="0.051">
  <properties/>
  <testcase name="deleteCartItem()" classname="kr.megaptera.shoppingMall.controllers.CartControllerTest" time="0.008"/>
  <testcase name="CartItemList()" classname="kr.megaptera.shoppingMall.controllers.CartControllerTest" time="0.009"/>
  <testcase name="detail()" classname="kr.megaptera.shoppingMall.controllers.CartControllerTest" time="0.008"/>
  <testcase name="updateCartItem()" classname="kr.megaptera.shoppingMall.controllers.CartControllerTest" time="0.013"/>
  <testcase name="createCartItem()" classname="kr.megaptera.shoppingMall.controllers.CartControllerTest" time="0.009"/>
  <system-out><![CDATA[2022-12-05 22:47:58.431  INFO 39707 --- [    Test worker] .b.t.a.w.s.WebMvcTestContextBootstrapper : Neither @ContextConfiguration nor @ContextHierarchy found for test class [kr.megaptera.shoppingMall.controllers.CartControllerTest], using SpringBootContextLoader
2022-12-05 22:47:58.431  INFO 39707 --- [    Test worker] o.s.t.c.support.AbstractContextLoader    : Could not detect default resource locations for test class [kr.megaptera.shoppingMall.controllers.CartControllerTest]: no resource found for suffixes {-context.xml, Context.groovy}.
2022-12-05 22:47:58.431  INFO 39707 --- [    Test worker] t.c.s.AnnotationConfigContextLoaderUtils : Could not detect default configuration classes for test class [kr.megaptera.shoppingMall.controllers.CartControllerTest]: CartControllerTest does not declare any static, non-private, non-final, nested classes annotated with @Configuration.
2022-12-05 22:47:58.435  INFO 39707 --- [    Test worker] .b.t.c.SpringBootTestContextBootstrapper : Found @SpringBootConfiguration kr.megaptera.shoppingMall.ShoppingMallApplication for test class kr.megaptera.shoppingMall.controllers.CartControllerTest
2022-12-05 22:47:58.435  INFO 39707 --- [    Test worker] .b.t.a.w.s.WebMvcTestContextBootstrapper : Loaded default TestExecutionListener class names from location [META-INF/spring.factories]: [org.springframework.security.test.context.support.WithSecurityContextTestExecutionListener, org.springframework.security.test.context.support.ReactorContextTestExecutionListener, org.springframework.boot.test.autoconfigure.restdocs.RestDocsTestExecutionListener, org.springframework.boot.test.autoconfigure.web.client.MockRestServiceServerResetTestExecutionListener, org.springframework.boot.test.autoconfigure.web.servlet.MockMvcPrintOnlyOnFailureTestExecutionListener, org.springframework.boot.test.autoconfigure.web.servlet.WebDriverTestExecutionListener, org.springframework.boot.test.autoconfigure.webservices.client.MockWebServiceServerTestExecutionListener, org.springframework.boot.test.mock.mockito.MockitoTestExecutionListener, org.springframework.boot.test.mock.mockito.ResetMocksTestExecutionListener, org.springframework.test.context.web.ServletTestExecutionListener, org.springframework.test.context.support.DirtiesContextBeforeModesTestExecutionListener, org.springframework.test.context.event.ApplicationEventsTestExecutionListener, org.springframework.test.context.support.DependencyInjectionTestExecutionListener, org.springframework.test.context.support.DirtiesContextTestExecutionListener, org.springframework.test.context.transaction.TransactionalTestExecutionListener, org.springframework.test.context.jdbc.SqlScriptsTestExecutionListener, org.springframework.test.context.event.EventPublishingTestExecutionListener]
2022-12-05 22:47:58.435  INFO 39707 --- [    Test worker] .b.t.a.w.s.WebMvcTestContextBootstrapper : Using TestExecutionListeners: [org.springframework.test.context.web.ServletTestExecutionListener@1752ab9b, org.springframework.test.context.support.DirtiesContextBeforeModesTestExecutionListener@b205e08, org.springframework.test.context.event.ApplicationEventsTestExecutionListener@76b93bb9, org.springframework.boot.test.mock.mockito.MockitoTestExecutionListener@398f6f04, org.springframework.boot.test.autoconfigure.SpringBootDependencyInjectionTestExecutionListener@3b0305dd, org.springframework.test.context.support.DirtiesContextTestExecutionListener@32daccab, org.springframework.test.context.transaction.TransactionalTestExecutionListener@d015dba, org.springframework.test.context.jdbc.SqlScriptsTestExecutionListener@4f34f451, org.springframework.security.test.context.support.WithSecurityContextTestExecutionListener@6c3a3d87, org.springframework.test.context.event.EventPublishingTestExecutionListener@8611b3f, org.springframework.security.test.context.support.ReactorContextTestExecutionListener@f0a6b04, org.springframework.boot.test.autoconfigure.restdocs.RestDocsTestExecutionListener@677480c8, org.springframework.boot.test.autoconfigure.web.client.MockRestServiceServerResetTestExecutionListener@5a1f4fa4, org.springframework.boot.test.autoconfigure.web.servlet.MockMvcPrintOnlyOnFailureTestExecutionListener@5a271f3b, org.springframework.boot.test.autoconfigure.web.servlet.WebDriverTestExecutionListener@6291d30, org.springframework.boot.test.autoconfigure.webservices.client.MockWebServiceServerTestExecutionListener@4518bffd, org.springframework.boot.test.mock.mockito.ResetMocksTestExecutionListener@65daaa95]

  .   ____          _            __ _ _
 /\\ / ___'_ __ _ _(_)_ __  __ _ \ \ \ \
( ( )\___ | '_ | '_| | '_ \/ _` | \ \ \ \
 \\/  ___)| |_)| | | | | || (_| |  ) ) ) )
  '  |____| .__|_| |_|_| |_\__, | / / / /
 =========|_|==============|___/=/_/_/_/
 :: Spring Boot ::                (v2.7.5)

2022-12-05 22:47:58.450  INFO 39707 --- [    Test worker] k.m.s.controllers.CartControllerTest     : Starting CartControllerTest using Java 17 on seonghwan-ui-MacBookPro.local with PID 39707 (started by seonghwan in /Users/seonghwan/work/shoppingmall-backend)
2022-12-05 22:47:58.450  INFO 39707 --- [    Test worker] k.m.s.controllers.CartControllerTest     : No active profile set, falling back to 1 default profile: "default"
2022-12-05 22:47:58.817  WARN 39707 --- [    Test worker] .s.s.UserDetailsServiceAutoConfiguration : 

Using generated security password: 1697e0e5-5193-4f84-93eb-ad4d64f605eb

This generated password is for development use only. Your security configuration must be updated before running your application in production.

2022-12-05 22:47:58.880  INFO 39707 --- [    Test worker] o.s.s.web.DefaultSecurityFilterChain     : Will secure any request with [org.springframework.security.web.session.DisableEncodeUrlFilter@31f151ff, org.springframework.security.web.context.request.async.WebAsyncManagerIntegrationFilter@e68c09d, org.springframework.security.web.context.SecurityContextPersistenceFilter@1be7b7de, org.springframework.security.web.header.HeaderWriterFilter@c39ebcf, org.springframework.security.web.csrf.CsrfFilter@35cf5d9, org.springframework.security.web.authentication.logout.LogoutFilter@7f8bc54e, org.springframework.security.web.authentication.UsernamePasswordAuthenticationFilter@5837b801, org.springframework.security.web.authentication.ui.DefaultLoginPageGeneratingFilter@6c92af74, org.springframework.security.web.authentication.ui.DefaultLogoutPageGeneratingFilter@6b7a96e1, org.springframework.security.web.authentication.www.BasicAuthenticationFilter@2f1e3e1c, org.springframework.security.web.savedrequest.RequestCacheAwareFilter@5b0ddbcf, org.springframework.security.web.servletapi.SecurityContextHolderAwareRequestFilter@182934f2, org.springframework.security.web.authentication.AnonymousAuthenticationFilter@35caab4c, org.springframework.security.web.session.SessionManagementFilter@7ff167c4, org.springframework.security.web.access.ExceptionTranslationFilter@58030528, org.springframework.security.web.access.intercept.FilterSecurityInterceptor@51edc97d]
2022-12-05 22:47:58.882  WARN 39707 --- [    Test worker] o.s.s.c.a.web.builders.WebSecurity       : You are asking Spring Security to ignore Ant [pattern='/**']. This is not recommended -- please use permitAll via HttpSecurity#authorizeHttpRequests instead.
2022-12-05 22:47:58.883  INFO 39707 --- [    Test worker] o.s.s.web.DefaultSecurityFilterChain     : Will not secure Ant [pattern='/**']
2022-12-05 22:47:58.905  INFO 39707 --- [    Test worker] o.s.b.t.m.w.SpringBootMockServletContext : Initializing Spring TestDispatcherServlet ''
2022-12-05 22:47:58.905  INFO 39707 --- [    Test worker] o.s.t.web.servlet.TestDispatcherServlet  : Initializing Servlet ''
2022-12-05 22:47:58.906  INFO 39707 --- [    Test worker] o.s.t.web.servlet.TestDispatcherServlet  : Completed initialization in 1 ms
2022-12-05 22:47:58.917  INFO 39707 --- [    Test worker] k.m.s.controllers.CartControllerTest     : Started CartControllerTest in 0.48 seconds (JVM running for 10.243)
]]></system-out>
  <system-err><![CDATA[]]></system-err>
</testsuite>
