<?xml version="1.0" encoding="UTF-8"?>
<testsuite name="kr.megaptera.shoppingMall.services.GetInquiryListServiceTest" tests="2" skipped="0" failures="0" errors="0" timestamp="2022-12-05T13:47:59" hostname="seonghwan-ui-MacBookPro.local" time="0.004">
  <properties/>
  <testcase name="getInquiryListWithLogin()" classname="kr.megaptera.shoppingMall.services.GetInquiryListServiceTest" time="0.003"/>
  <testcase name="getInquiryListWithOutLogin()" classname="kr.megaptera.shoppingMall.services.GetInquiryListServiceTest" time="0.001"/>
  <system-out><![CDATA[]]></system-out>
  <system-err><![CDATA[]]></system-err>
</testsuite>
