<?xml version="1.0" encoding="UTF-8"?>
<testsuite name="kr.megaptera.shoppingMall.ShoppingMallApplicationTests" tests="1" skipped="0" failures="0" errors="0" timestamp="2022-11-21T08:33:39" hostname="seonghwan-ui-MacBookPro.local" time="0.172">
  <properties/>
  <testcase name="contextLoads()" classname="kr.megaptera.shoppingMall.ShoppingMallApplicationTests" time="0.172"/>
  <system-out><![CDATA[17:33:33.642 [Test worker] DEBUG org.springframework.test.context.BootstrapUtils - Instantiating CacheAwareContextLoaderDelegate from class [org.springframework.test.context.cache.DefaultCacheAwareContextLoaderDelegate]
17:33:33.653 [Test worker] DEBUG org.springframework.test.context.BootstrapUtils - Instantiating BootstrapContext using constructor [public org.springframework.test.context.support.DefaultBootstrapContext(java.lang.Class,org.springframework.test.context.CacheAwareContextLoaderDelegate)]
17:33:33.692 [Test worker] DEBUG org.springframework.test.context.BootstrapUtils - Instantiating TestContextBootstrapper for test class [kr.megaptera.shoppingMall.ShoppingMallApplicationTests] from class [org.springframework.boot.test.context.SpringBootTestContextBootstrapper]
17:33:33.706 [Test worker] INFO org.springframework.boot.test.context.SpringBootTestContextBootstrapper - Neither @ContextConfiguration nor @ContextHierarchy found for test class [kr.megaptera.shoppingMall.ShoppingMallApplicationTests], using SpringBootContextLoader
17:33:33.710 [Test worker] DEBUG org.springframework.test.context.support.AbstractContextLoader - Did not detect default resource location for test class [kr.megaptera.shoppingMall.ShoppingMallApplicationTests]: class path resource [kr/megaptera/shoppingMall/ShoppingMallApplicationTests-context.xml] does not exist
17:33:33.710 [Test worker] DEBUG org.springframework.test.context.support.AbstractContextLoader - Did not detect default resource location for test class [kr.megaptera.shoppingMall.ShoppingMallApplicationTests]: class path resource [kr/megaptera/shoppingMall/ShoppingMallApplicationTestsContext.groovy] does not exist
17:33:33.710 [Test worker] INFO org.springframework.test.context.support.AbstractContextLoader - Could not detect default resource locations for test class [kr.megaptera.shoppingMall.ShoppingMallApplicationTests]: no resource found for suffixes {-context.xml, Context.groovy}.
17:33:33.711 [Test worker] INFO org.springframework.test.context.support.AnnotationConfigContextLoaderUtils - Could not detect default configuration classes for test class [kr.megaptera.shoppingMall.ShoppingMallApplicationTests]: ShoppingMallApplicationTests does not declare any static, non-private, non-final, nested classes annotated with @Configuration.
17:33:33.826 [Test worker] DEBUG org.springframework.context.annotation.ClassPathScanningCandidateComponentProvider - Identified candidate component class: file [/Users/seonghwan/work/shoppingmall-backend/build/classes/java/main/kr/megaptera/shoppingMall/ShoppingMallApplication.class]
17:33:33.827 [Test worker] INFO org.springframework.boot.test.context.SpringBootTestContextBootstrapper - Found @SpringBootConfiguration kr.megaptera.shoppingMall.ShoppingMallApplication for test class kr.megaptera.shoppingMall.ShoppingMallApplicationTests
17:33:33.937 [Test worker] DEBUG org.springframework.boot.test.context.SpringBootTestContextBootstrapper - @TestExecutionListeners is not present for class [kr.megaptera.shoppingMall.ShoppingMallApplicationTests]: using defaults.
17:33:33.937 [Test worker] INFO org.springframework.boot.test.context.SpringBootTestContextBootstrapper - Loaded default TestExecutionListener class names from location [META-INF/spring.factories]: [org.springframework.security.test.context.support.WithSecurityContextTestExecutionListener, org.springframework.security.test.context.support.ReactorContextTestExecutionListener, org.springframework.boot.test.autoconfigure.restdocs.RestDocsTestExecutionListener, org.springframework.boot.test.autoconfigure.web.client.MockRestServiceServerResetTestExecutionListener, org.springframework.boot.test.autoconfigure.web.servlet.MockMvcPrintOnlyOnFailureTestExecutionListener, org.springframework.boot.test.autoconfigure.web.servlet.WebDriverTestExecutionListener, org.springframework.boot.test.autoconfigure.webservices.client.MockWebServiceServerTestExecutionListener, org.springframework.boot.test.mock.mockito.MockitoTestExecutionListener, org.springframework.boot.test.mock.mockito.ResetMocksTestExecutionListener, org.springframework.test.context.web.ServletTestExecutionListener, org.springframework.test.context.support.DirtiesContextBeforeModesTestExecutionListener, org.springframework.test.context.event.ApplicationEventsTestExecutionListener, org.springframework.test.context.support.DependencyInjectionTestExecutionListener, org.springframework.test.context.support.DirtiesContextTestExecutionListener, org.springframework.test.context.transaction.TransactionalTestExecutionListener, org.springframework.test.context.jdbc.SqlScriptsTestExecutionListener, org.springframework.test.context.event.EventPublishingTestExecutionListener]
17:33:33.959 [Test worker] INFO org.springframework.boot.test.context.SpringBootTestContextBootstrapper - Using TestExecutionListeners: [org.springframework.test.context.web.ServletTestExecutionListener@2756c0a7, org.springframework.test.context.support.DirtiesContextBeforeModesTestExecutionListener@350ec41e, org.springframework.test.context.event.ApplicationEventsTestExecutionListener@69637b10, org.springframework.boot.test.mock.mockito.MockitoTestExecutionListener@71984c3, org.springframework.boot.test.autoconfigure.SpringBootDependencyInjectionTestExecutionListener@165b2f7f, org.springframework.test.context.support.DirtiesContextTestExecutionListener@5536379e, org.springframework.test.context.transaction.TransactionalTestExecutionListener@277f7dd3, org.springframework.test.context.jdbc.SqlScriptsTestExecutionListener@6c8bca63, org.springframework.security.test.context.support.WithSecurityContextTestExecutionListener@2364305a, org.springframework.test.context.event.EventPublishingTestExecutionListener@470a696f, org.springframework.security.test.context.support.ReactorContextTestExecutionListener@1bc715b8, org.springframework.boot.test.autoconfigure.restdocs.RestDocsTestExecutionListener@292d1c71, org.springframework.boot.test.autoconfigure.web.client.MockRestServiceServerResetTestExecutionListener@2b491fee, org.springframework.boot.test.autoconfigure.web.servlet.MockMvcPrintOnlyOnFailureTestExecutionListener@3f1c5af9, org.springframework.boot.test.autoconfigure.web.servlet.WebDriverTestExecutionListener@1c55f277, org.springframework.boot.test.autoconfigure.webservices.client.MockWebServiceServerTestExecutionListener@5ddabb18, org.springframework.boot.test.mock.mockito.ResetMocksTestExecutionListener@3e8f7922]
17:33:33.962 [Test worker] DEBUG org.springframework.test.context.support.AbstractDirtiesContextTestExecutionListener - Before test class: context [DefaultTestContext@58bf8650 testClass = ShoppingMallApplicationTests, testInstance = [null], testMethod = [null], testException = [null], mergedContextConfiguration = [WebMergedContextConfiguration@73c60324 testClass = ShoppingMallApplicationTests, locations = '{}', classes = '{class kr.megaptera.shoppingMall.ShoppingMallApplication}', contextInitializerClasses = '[]', activeProfiles = '{test}', propertySourceLocations = '{}', propertySourceProperties = '{org.springframework.boot.test.context.SpringBootTestContextBootstrapper=true}', contextCustomizers = set[org.springframework.boot.test.autoconfigure.actuate.metrics.MetricsExportContextCustomizerFactory$DisableMetricExportContextCustomizer@2ef14fe, org.springframework.boot.test.autoconfigure.properties.PropertyMappingContextCustomizer@0, org.springframework.boot.test.autoconfigure.web.servlet.WebDriverContextCustomizerFactory$Customizer@1b84f475, org.springframework.boot.test.context.filter.ExcludeFilterContextCustomizer@539d019, org.springframework.boot.test.json.DuplicateJsonObjectContextCustomizerFactory$DuplicateJsonObjectContextCustomizer@6f63b475, org.springframework.boot.test.mock.mockito.MockitoContextCustomizer@0, org.springframework.boot.test.web.client.TestRestTemplateContextCustomizer@b7c4869, org.springframework.boot.test.context.SpringBootTestArgs@1, org.springframework.boot.test.context.SpringBootTestWebEnvironment@38102d01], resourceBasePath = 'src/main/webapp', contextLoader = 'org.springframework.boot.test.context.SpringBootContextLoader', parent = [null]], attributes = map['org.springframework.test.context.web.ServletTestExecutionListener.activateListener' -> true]], class annotated with @DirtiesContext [false] with mode [null].

  .   ____          _            __ _ _
 /\\ / ___'_ __ _ _(_)_ __  __ _ \ \ \ \
( ( )\___ | '_ | '_| | '_ \/ _` | \ \ \ \
 \\/  ___)| |_)| | | | | || (_| |  ) ) ) )
  '  |____| .__|_| |_|_| |_\__, | / / / /
 =========|_|==============|___/=/_/_/_/
 :: Spring Boot ::                (v2.7.5)

2022-11-21 17:33:34.403  INFO 67117 --- [    Test worker] k.m.s.ShoppingMallApplicationTests       : Starting ShoppingMallApplicationTests using Java 17 on seonghwan-ui-MacBookPro.local with PID 67117 (started by seonghwan in /Users/seonghwan/work/shoppingmall-backend)
2022-11-21 17:33:34.405  INFO 67117 --- [    Test worker] k.m.s.ShoppingMallApplicationTests       : The following 1 profile is active: "test"
2022-11-21 17:33:35.266  INFO 67117 --- [    Test worker] .s.d.r.c.RepositoryConfigurationDelegate : Bootstrapping Spring Data JPA repositories in DEFAULT mode.
2022-11-21 17:33:35.350  INFO 67117 --- [    Test worker] .s.d.r.c.RepositoryConfigurationDelegate : Finished Spring Data repository scanning in 74 ms. Found 8 JPA repository interfaces.
2022-11-21 17:33:35.941  INFO 67117 --- [    Test worker] o.hibernate.jpa.internal.util.LogHelper  : HHH000204: Processing PersistenceUnitInfo [name: default]
2022-11-21 17:33:35.998  INFO 67117 --- [    Test worker] org.hibernate.Version                    : HHH000412: Hibernate ORM core version 5.6.12.Final
2022-11-21 17:33:36.173  INFO 67117 --- [    Test worker] o.hibernate.annotations.common.Version   : HCANN000001: Hibernate Commons Annotations {5.1.2.Final}
2022-11-21 17:33:36.296  INFO 67117 --- [    Test worker] com.zaxxer.hikari.HikariDataSource       : HikariPool-1 - Starting...
2022-11-21 17:33:36.552  INFO 67117 --- [    Test worker] com.zaxxer.hikari.HikariDataSource       : HikariPool-1 - Start completed.
2022-11-21 17:33:36.597  INFO 67117 --- [    Test worker] org.hibernate.dialect.Dialect            : HHH000400: Using dialect: org.hibernate.dialect.H2Dialect
2022-11-21 17:33:37.511  INFO 67117 --- [    Test worker] o.h.e.t.j.p.i.JtaPlatformInitiator       : HHH000490: Using JtaPlatform implementation: [org.hibernate.engine.transaction.jta.platform.internal.NoJtaPlatform]
2022-11-21 17:33:37.521  INFO 67117 --- [    Test worker] j.LocalContainerEntityManagerFactoryBean : Initialized JPA EntityManagerFactory for persistence unit 'default'
2022-11-21 17:33:38.462  WARN 67117 --- [    Test worker] JpaBaseConfiguration$JpaWebConfiguration : spring.jpa.open-in-view is enabled by default. Therefore, database queries may be performed during view rendering. Explicitly configure spring.jpa.open-in-view to disable this warning
2022-11-21 17:33:38.966  WARN 67117 --- [    Test worker] .s.s.UserDetailsServiceAutoConfiguration : 

Using generated security password: a918b4a8-6ae5-4278-8d33-d4e9ff1c1064

This generated password is for development use only. Your security configuration must be updated before running your application in production.

2022-11-21 17:33:39.206  INFO 67117 --- [    Test worker] o.s.s.web.DefaultSecurityFilterChain     : Will secure any request with [org.springframework.security.web.session.DisableEncodeUrlFilter@365a4b9b, org.springframework.security.web.context.request.async.WebAsyncManagerIntegrationFilter@240e61, org.springframework.security.web.context.SecurityContextPersistenceFilter@3b60be3, org.springframework.security.web.header.HeaderWriterFilter@2d26c6a2, org.springframework.security.web.csrf.CsrfFilter@6d911985, org.springframework.security.web.authentication.logout.LogoutFilter@78839c2e, org.springframework.security.web.authentication.UsernamePasswordAuthenticationFilter@434a2a10, org.springframework.security.web.authentication.ui.DefaultLoginPageGeneratingFilter@3abb6aa, org.springframework.security.web.authentication.ui.DefaultLogoutPageGeneratingFilter@76efa2b7, org.springframework.security.web.authentication.www.BasicAuthenticationFilter@3891db3a, org.springframework.security.web.savedrequest.RequestCacheAwareFilter@5b27d03d, org.springframework.security.web.servletapi.SecurityContextHolderAwareRequestFilter@687d31a9, org.springframework.security.web.authentication.AnonymousAuthenticationFilter@2027d56f, org.springframework.security.web.session.SessionManagementFilter@6779af40, org.springframework.security.web.access.ExceptionTranslationFilter@6d5fea64, org.springframework.security.web.access.intercept.FilterSecurityInterceptor@2662e3ff]
2022-11-21 17:33:39.210  WARN 67117 --- [    Test worker] o.s.s.c.a.web.builders.WebSecurity       : You are asking Spring Security to ignore Ant [pattern='/**']. This is not recommended -- please use permitAll via HttpSecurity#authorizeHttpRequests instead.
2022-11-21 17:33:39.210  INFO 67117 --- [    Test worker] o.s.s.web.DefaultSecurityFilterChain     : Will not secure Ant [pattern='/**']
2022-11-21 17:33:39.271  INFO 67117 --- [    Test worker] k.m.s.ShoppingMallApplicationTests       : Started ShoppingMallApplicationTests in 5.264 seconds (JVM running for 6.51)
]]></system-out>
  <system-err><![CDATA[]]></system-err>
</testsuite>
