<?xml version="1.0" encoding="UTF-8"?>
<testsuite name="kr.megaptera.shoppingMall.controllers.WelcomeControllerTest" tests="1" skipped="0" failures="0" errors="0" timestamp="2022-12-05T13:47:55" hostname="seonghwan-ui-MacBookPro.local" time="0.005">
  <properties/>
  <testcase name="home()" classname="kr.megaptera.shoppingMall.controllers.WelcomeControllerTest" time="0.005"/>
  <system-out><![CDATA[2022-12-05 22:47:54.762  INFO 39707 --- [    Test worker] .b.t.a.w.s.WebMvcTestContextBootstrapper : Neither @ContextConfiguration nor @ContextHierarchy found for test class [kr.megaptera.shoppingMall.controllers.WelcomeControllerTest], using SpringBootContextLoader
2022-12-05 22:47:54.763  INFO 39707 --- [    Test worker] o.s.t.c.support.AbstractContextLoader    : Could not detect default resource locations for test class [kr.megaptera.shoppingMall.controllers.WelcomeControllerTest]: no resource found for suffixes {-context.xml, Context.groovy}.
2022-12-05 22:47:54.763  INFO 39707 --- [    Test worker] t.c.s.AnnotationConfigContextLoaderUtils : Could not detect default configuration classes for test class [kr.megaptera.shoppingMall.controllers.WelcomeControllerTest]: WelcomeControllerTest does not declare any static, non-private, non-final, nested classes annotated with @Configuration.
2022-12-05 22:47:54.766  INFO 39707 --- [    Test worker] .b.t.c.SpringBootTestContextBootstrapper : Found @SpringBootConfiguration kr.megaptera.shoppingMall.ShoppingMallApplication for test class kr.megaptera.shoppingMall.controllers.WelcomeControllerTest
2022-12-05 22:47:54.767  INFO 39707 --- [    Test worker] .b.t.a.w.s.WebMvcTestContextBootstrapper : Loaded default TestExecutionListener class names from location [META-INF/spring.factories]: [org.springframework.security.test.context.support.WithSecurityContextTestExecutionListener, org.springframework.security.test.context.support.ReactorContextTestExecutionListener, org.springframework.boot.test.autoconfigure.restdocs.RestDocsTestExecutionListener, org.springframework.boot.test.autoconfigure.web.client.MockRestServiceServerResetTestExecutionListener, org.springframework.boot.test.autoconfigure.web.servlet.MockMvcPrintOnlyOnFailureTestExecutionListener, org.springframework.boot.test.autoconfigure.web.servlet.WebDriverTestExecutionListener, org.springframework.boot.test.autoconfigure.webservices.client.MockWebServiceServerTestExecutionListener, org.springframework.boot.test.mock.mockito.MockitoTestExecutionListener, org.springframework.boot.test.mock.mockito.ResetMocksTestExecutionListener, org.springframework.test.context.web.ServletTestExecutionListener, org.springframework.test.context.support.DirtiesContextBeforeModesTestExecutionListener, org.springframework.test.context.event.ApplicationEventsTestExecutionListener, org.springframework.test.context.support.DependencyInjectionTestExecutionListener, org.springframework.test.context.support.DirtiesContextTestExecutionListener, org.springframework.test.context.transaction.TransactionalTestExecutionListener, org.springframework.test.context.jdbc.SqlScriptsTestExecutionListener, org.springframework.test.context.event.EventPublishingTestExecutionListener]
2022-12-05 22:47:54.767  INFO 39707 --- [    Test worker] .b.t.a.w.s.WebMvcTestContextBootstrapper : Using TestExecutionListeners: [org.springframework.test.context.web.ServletTestExecutionListener@59c00722, org.springframework.test.context.support.DirtiesContextBeforeModesTestExecutionListener@6c96346b, org.springframework.test.context.event.ApplicationEventsTestExecutionListener@9734cae, org.springframework.boot.test.mock.mockito.MockitoTestExecutionListener@589d831e, org.springframework.boot.test.autoconfigure.SpringBootDependencyInjectionTestExecutionListener@1bd6638, org.springframework.test.context.support.DirtiesContextTestExecutionListener@5c552f08, org.springframework.test.context.transaction.TransactionalTestExecutionListener@4fd00e10, org.springframework.test.context.jdbc.SqlScriptsTestExecutionListener@7be1e187, org.springframework.security.test.context.support.WithSecurityContextTestExecutionListener@1107c465, org.springframework.test.context.event.EventPublishingTestExecutionListener@64df8422, org.springframework.security.test.context.support.ReactorContextTestExecutionListener@2b30b627, org.springframework.boot.test.autoconfigure.restdocs.RestDocsTestExecutionListener@5fa9971f, org.springframework.boot.test.autoconfigure.web.client.MockRestServiceServerResetTestExecutionListener@70a24463, org.springframework.boot.test.autoconfigure.web.servlet.MockMvcPrintOnlyOnFailureTestExecutionListener@684430c1, org.springframework.boot.test.autoconfigure.web.servlet.WebDriverTestExecutionListener@46eb2260, org.springframework.boot.test.autoconfigure.webservices.client.MockWebServiceServerTestExecutionListener@556944cd, org.springframework.boot.test.mock.mockito.ResetMocksTestExecutionListener@370a935f]

  .   ____          _            __ _ _
 /\\ / ___'_ __ _ _(_)_ __  __ _ \ \ \ \
( ( )\___ | '_ | '_| | '_ \/ _` | \ \ \ \
 \\/  ___)| |_)| | | | | || (_| |  ) ) ) )
  '  |____| .__|_| |_|_| |_\__, | / / / /
 =========|_|==============|___/=/_/_/_/
 :: Spring Boot ::                (v2.7.5)

2022-12-05 22:47:54.786  INFO 39707 --- [    Test worker] k.m.s.controllers.WelcomeControllerTest  : Starting WelcomeControllerTest using Java 17 on seonghwan-ui-MacBookPro.local with PID 39707 (started by seonghwan in /Users/seonghwan/work/shoppingmall-backend)
2022-12-05 22:47:54.786  INFO 39707 --- [    Test worker] k.m.s.controllers.WelcomeControllerTest  : No active profile set, falling back to 1 default profile: "default"
2022-12-05 22:47:55.121  WARN 39707 --- [    Test worker] .s.s.UserDetailsServiceAutoConfiguration : 

Using generated security password: 993108aa-e42f-4135-80df-7f5a9eb80da1

This generated password is for development use only. Your security configuration must be updated before running your application in production.

2022-12-05 22:47:55.183  INFO 39707 --- [    Test worker] o.s.s.web.DefaultSecurityFilterChain     : Will secure any request with [org.springframework.security.web.session.DisableEncodeUrlFilter@78f1d29, org.springframework.security.web.context.request.async.WebAsyncManagerIntegrationFilter@76c85485, org.springframework.security.web.context.SecurityContextPersistenceFilter@14580edc, org.springframework.security.web.header.HeaderWriterFilter@109188b4, org.springframework.security.web.csrf.CsrfFilter@7983a5d5, org.springframework.security.web.authentication.logout.LogoutFilter@66576bd2, org.springframework.security.web.authentication.UsernamePasswordAuthenticationFilter@3c65f2e1, org.springframework.security.web.authentication.ui.DefaultLoginPageGeneratingFilter@5e8e02a3, org.springframework.security.web.authentication.ui.DefaultLogoutPageGeneratingFilter@65294247, org.springframework.security.web.authentication.www.BasicAuthenticationFilter@c247b02, org.springframework.security.web.savedrequest.RequestCacheAwareFilter@3f2a7ca0, org.springframework.security.web.servletapi.SecurityContextHolderAwareRequestFilter@23e297d9, org.springframework.security.web.authentication.AnonymousAuthenticationFilter@4a7ac98b, org.springframework.security.web.session.SessionManagementFilter@7091a016, org.springframework.security.web.access.ExceptionTranslationFilter@3113595e, org.springframework.security.web.access.intercept.FilterSecurityInterceptor@ecfff32]
2022-12-05 22:47:55.185  WARN 39707 --- [    Test worker] o.s.s.c.a.web.builders.WebSecurity       : You are asking Spring Security to ignore Ant [pattern='/**']. This is not recommended -- please use permitAll via HttpSecurity#authorizeHttpRequests instead.
2022-12-05 22:47:55.186  INFO 39707 --- [    Test worker] o.s.s.web.DefaultSecurityFilterChain     : Will not secure Ant [pattern='/**']
2022-12-05 22:47:55.213  INFO 39707 --- [    Test worker] o.s.b.t.m.w.SpringBootMockServletContext : Initializing Spring TestDispatcherServlet ''
2022-12-05 22:47:55.213  INFO 39707 --- [    Test worker] o.s.t.web.servlet.TestDispatcherServlet  : Initializing Servlet ''
2022-12-05 22:47:55.214  INFO 39707 --- [    Test worker] o.s.t.web.servlet.TestDispatcherServlet  : Completed initialization in 1 ms
2022-12-05 22:47:55.224  INFO 39707 --- [    Test worker] k.m.s.controllers.WelcomeControllerTest  : Started WelcomeControllerTest in 0.456 seconds (JVM running for 6.55)
]]></system-out>
  <system-err><![CDATA[]]></system-err>
</testsuite>
