<?xml version="1.0" encoding="UTF-8"?>
<testsuite name="kr.megaptera.shoppingMall.services.GetInquiryDetailServiceTest" tests="3" skipped="0" failures="0" errors="0" timestamp="2022-12-05T13:47:59" hostname="seonghwan-ui-MacBookPro.local" time="0.025">
  <properties/>
  <testcase name="detail()" classname="kr.megaptera.shoppingMall.services.GetInquiryDetailServiceTest" time="0.022"/>
  <testcase name="secretInquiryDetailWithOther()" classname="kr.megaptera.shoppingMall.services.GetInquiryDetailServiceTest" time="0.001"/>
  <testcase name="notSecretInquiry()" classname="kr.megaptera.shoppingMall.services.GetInquiryDetailServiceTest" time="0.001"/>
  <system-out><![CDATA[]]></system-out>
  <system-err><![CDATA[]]></system-err>
</testsuite>
