<?xml version="1.0" encoding="UTF-8"?>
<testsuite name="kr.megaptera.shoppingMall.controllers.ReviewControllerTest" tests="4" skipped="0" failures="0" errors="0" timestamp="2022-11-21T08:33:42" hostname="seonghwan-ui-MacBookPro.local" time="0.036">
  <properties/>
  <testcase name="getBestReviews()" classname="kr.megaptera.shoppingMall.controllers.ReviewControllerTest" time="0.009"/>
  <testcase name="recommendation()" classname="kr.megaptera.shoppingMall.controllers.ReviewControllerTest" time="0.007"/>
  <testcase name="getReview()" classname="kr.megaptera.shoppingMall.controllers.ReviewControllerTest" time="0.008"/>
  <testcase name="getReviews()" classname="kr.megaptera.shoppingMall.controllers.ReviewControllerTest" time="0.006"/>
  <system-out><![CDATA[2022-11-21 17:33:41.634  INFO 67117 --- [    Test worker] .b.t.a.w.s.WebMvcTestContextBootstrapper : Neither @ContextConfiguration nor @ContextHierarchy found for test class [kr.megaptera.shoppingMall.controllers.ReviewControllerTest], using SpringBootContextLoader
2022-11-21 17:33:41.634  INFO 67117 --- [    Test worker] o.s.t.c.support.AbstractContextLoader    : Could not detect default resource locations for test class [kr.megaptera.shoppingMall.controllers.ReviewControllerTest]: no resource found for suffixes {-context.xml, Context.groovy}.
2022-11-21 17:33:41.635  INFO 67117 --- [    Test worker] t.c.s.AnnotationConfigContextLoaderUtils : Could not detect default configuration classes for test class [kr.megaptera.shoppingMall.controllers.ReviewControllerTest]: ReviewControllerTest does not declare any static, non-private, non-final, nested classes annotated with @Configuration.
2022-11-21 17:33:41.640  INFO 67117 --- [    Test worker] .b.t.c.SpringBootTestContextBootstrapper : Found @SpringBootConfiguration kr.megaptera.shoppingMall.ShoppingMallApplication for test class kr.megaptera.shoppingMall.controllers.ReviewControllerTest
2022-11-21 17:33:41.640  INFO 67117 --- [    Test worker] .b.t.a.w.s.WebMvcTestContextBootstrapper : Loaded default TestExecutionListener class names from location [META-INF/spring.factories]: [org.springframework.security.test.context.support.WithSecurityContextTestExecutionListener, org.springframework.security.test.context.support.ReactorContextTestExecutionListener, org.springframework.boot.test.autoconfigure.restdocs.RestDocsTestExecutionListener, org.springframework.boot.test.autoconfigure.web.client.MockRestServiceServerResetTestExecutionListener, org.springframework.boot.test.autoconfigure.web.servlet.MockMvcPrintOnlyOnFailureTestExecutionListener, org.springframework.boot.test.autoconfigure.web.servlet.WebDriverTestExecutionListener, org.springframework.boot.test.autoconfigure.webservices.client.MockWebServiceServerTestExecutionListener, org.springframework.boot.test.mock.mockito.MockitoTestExecutionListener, org.springframework.boot.test.mock.mockito.ResetMocksTestExecutionListener, org.springframework.test.context.web.ServletTestExecutionListener, org.springframework.test.context.support.DirtiesContextBeforeModesTestExecutionListener, org.springframework.test.context.event.ApplicationEventsTestExecutionListener, org.springframework.test.context.support.DependencyInjectionTestExecutionListener, org.springframework.test.context.support.DirtiesContextTestExecutionListener, org.springframework.test.context.transaction.TransactionalTestExecutionListener, org.springframework.test.context.jdbc.SqlScriptsTestExecutionListener, org.springframework.test.context.event.EventPublishingTestExecutionListener]
2022-11-21 17:33:41.641  INFO 67117 --- [    Test worker] .b.t.a.w.s.WebMvcTestContextBootstrapper : Using TestExecutionListeners: [org.springframework.test.context.web.ServletTestExecutionListener@5fb4870b, org.springframework.test.context.support.DirtiesContextBeforeModesTestExecutionListener@4e8036bb, org.springframework.test.context.event.ApplicationEventsTestExecutionListener@7c3b8b26, org.springframework.boot.test.mock.mockito.MockitoTestExecutionListener@5113ab26, org.springframework.boot.test.autoconfigure.SpringBootDependencyInjectionTestExecutionListener@2a64e2d0, org.springframework.test.context.support.DirtiesContextTestExecutionListener@651e3cc9, org.springframework.test.context.transaction.TransactionalTestExecutionListener@45dce9f7, org.springframework.test.context.jdbc.SqlScriptsTestExecutionListener@9da20f1, org.springframework.security.test.context.support.WithSecurityContextTestExecutionListener@4a52178, org.springframework.test.context.event.EventPublishingTestExecutionListener@10c9bd51, org.springframework.security.test.context.support.ReactorContextTestExecutionListener@32787dee, org.springframework.boot.test.autoconfigure.restdocs.RestDocsTestExecutionListener@6afd0ef8, org.springframework.boot.test.autoconfigure.web.client.MockRestServiceServerResetTestExecutionListener@47fe4c3e, org.springframework.boot.test.autoconfigure.web.servlet.MockMvcPrintOnlyOnFailureTestExecutionListener@1a8042a5, org.springframework.boot.test.autoconfigure.web.servlet.WebDriverTestExecutionListener@6be6cb16, org.springframework.boot.test.autoconfigure.webservices.client.MockWebServiceServerTestExecutionListener@69ee825c, org.springframework.boot.test.mock.mockito.ResetMocksTestExecutionListener@5c44bce3]

  .   ____          _            __ _ _
 /\\ / ___'_ __ _ _(_)_ __  __ _ \ \ \ \
( ( )\___ | '_ | '_| | '_ \/ _` | \ \ \ \
 \\/  ___)| |_)| | | | | || (_| |  ) ) ) )
  '  |____| .__|_| |_|_| |_\__, | / / / /
 =========|_|==============|___/=/_/_/_/
 :: Spring Boot ::                (v2.7.5)

2022-11-21 17:33:41.659  INFO 67117 --- [    Test worker] k.m.s.controllers.ReviewControllerTest   : Starting ReviewControllerTest using Java 17 on seonghwan-ui-MacBookPro.local with PID 67117 (started by seonghwan in /Users/seonghwan/work/shoppingmall-backend)
2022-11-21 17:33:41.659  INFO 67117 --- [    Test worker] k.m.s.controllers.ReviewControllerTest   : No active profile set, falling back to 1 default profile: "default"
2022-11-21 17:33:42.015  WARN 67117 --- [    Test worker] .s.s.UserDetailsServiceAutoConfiguration : 

Using generated security password: 766cec12-5101-4fdf-a130-14083890497a

This generated password is for development use only. Your security configuration must be updated before running your application in production.

2022-11-21 17:33:42.077  INFO 67117 --- [    Test worker] o.s.s.web.DefaultSecurityFilterChain     : Will secure any request with [org.springframework.security.web.session.DisableEncodeUrlFilter@16486ab3, org.springframework.security.web.context.request.async.WebAsyncManagerIntegrationFilter@1b13e4fb, org.springframework.security.web.context.SecurityContextPersistenceFilter@461e0652, org.springframework.security.web.header.HeaderWriterFilter@16ea56ab, org.springframework.security.web.csrf.CsrfFilter@590182a6, org.springframework.security.web.authentication.logout.LogoutFilter@76603c44, org.springframework.security.web.authentication.UsernamePasswordAuthenticationFilter@6fb8cfa7, org.springframework.security.web.authentication.ui.DefaultLoginPageGeneratingFilter@11261fc9, org.springframework.security.web.authentication.ui.DefaultLogoutPageGeneratingFilter@327fd5c9, org.springframework.security.web.authentication.www.BasicAuthenticationFilter@4015c65b, org.springframework.security.web.savedrequest.RequestCacheAwareFilter@3b9d5218, org.springframework.security.web.servletapi.SecurityContextHolderAwareRequestFilter@7f8614ce, org.springframework.security.web.authentication.AnonymousAuthenticationFilter@5cb6fac3, org.springframework.security.web.session.SessionManagementFilter@135fb22d, org.springframework.security.web.access.ExceptionTranslationFilter@6af6a3b, org.springframework.security.web.access.intercept.FilterSecurityInterceptor@2d44025b]
2022-11-21 17:33:42.079  WARN 67117 --- [    Test worker] o.s.s.c.a.web.builders.WebSecurity       : You are asking Spring Security to ignore Ant [pattern='/**']. This is not recommended -- please use permitAll via HttpSecurity#authorizeHttpRequests instead.
2022-11-21 17:33:42.079  INFO 67117 --- [    Test worker] o.s.s.web.DefaultSecurityFilterChain     : Will not secure Ant [pattern='/**']
2022-11-21 17:33:42.101  INFO 67117 --- [    Test worker] o.s.b.t.m.w.SpringBootMockServletContext : Initializing Spring TestDispatcherServlet ''
2022-11-21 17:33:42.101  INFO 67117 --- [    Test worker] o.s.t.web.servlet.TestDispatcherServlet  : Initializing Servlet ''
2022-11-21 17:33:42.102  INFO 67117 --- [    Test worker] o.s.t.web.servlet.TestDispatcherServlet  : Completed initialization in 1 ms
2022-11-21 17:33:42.111  INFO 67117 --- [    Test worker] k.m.s.controllers.ReviewControllerTest   : Started ReviewControllerTest in 0.467 seconds (JVM running for 9.35)
]]></system-out>
  <system-err><![CDATA[]]></system-err>
</testsuite>
