<?xml version="1.0" encoding="UTF-8"?>
<testsuite name="kr.megaptera.shoppingMall.services.CreateWishServiceTest" tests="2" skipped="0" failures="0" errors="0" timestamp="2022-12-05T13:47:59" hostname="seonghwan-ui-MacBookPro.local" time="0.003">
  <properties/>
  <testcase name="create()" classname="kr.megaptera.shoppingMall.services.CreateWishServiceTest" time="0.002"/>
  <testcase name="alreadyExistWish()" classname="kr.megaptera.shoppingMall.services.CreateWishServiceTest" time="0.001"/>
  <system-out><![CDATA[]]></system-out>
  <system-err><![CDATA[]]></system-err>
</testsuite>
