<?xml version="1.0" encoding="UTF-8"?>
<testsuite name="kr.megaptera.shoppingMall.controllers.WishControllerTest" tests="3" skipped="0" failures="0" errors="0" timestamp="2022-12-05T13:47:55" hostname="seonghwan-ui-MacBookPro.local" time="0.02">
  <properties/>
  <testcase name="getProductWishes()" classname="kr.megaptera.shoppingMall.controllers.WishControllerTest" time="0.006"/>
  <testcase name="createWishes()" classname="kr.megaptera.shoppingMall.controllers.WishControllerTest" time="0.007"/>
  <testcase name="alreadyExistWishes()" classname="kr.megaptera.shoppingMall.controllers.WishControllerTest" time="0.005"/>
  <system-out><![CDATA[2022-12-05 22:47:55.234  INFO 39707 --- [    Test worker] .b.t.a.w.s.WebMvcTestContextBootstrapper : Neither @ContextConfiguration nor @ContextHierarchy found for test class [kr.megaptera.shoppingMall.controllers.WishControllerTest], using SpringBootContextLoader
2022-12-05 22:47:55.235  INFO 39707 --- [    Test worker] o.s.t.c.support.AbstractContextLoader    : Could not detect default resource locations for test class [kr.megaptera.shoppingMall.controllers.WishControllerTest]: no resource found for suffixes {-context.xml, Context.groovy}.
2022-12-05 22:47:55.235  INFO 39707 --- [    Test worker] t.c.s.AnnotationConfigContextLoaderUtils : Could not detect default configuration classes for test class [kr.megaptera.shoppingMall.controllers.WishControllerTest]: WishControllerTest does not declare any static, non-private, non-final, nested classes annotated with @Configuration.
2022-12-05 22:47:55.238  INFO 39707 --- [    Test worker] .b.t.c.SpringBootTestContextBootstrapper : Found @SpringBootConfiguration kr.megaptera.shoppingMall.ShoppingMallApplication for test class kr.megaptera.shoppingMall.controllers.WishControllerTest
2022-12-05 22:47:55.239  INFO 39707 --- [    Test worker] .b.t.a.w.s.WebMvcTestContextBootstrapper : Loaded default TestExecutionListener class names from location [META-INF/spring.factories]: [org.springframework.security.test.context.support.WithSecurityContextTestExecutionListener, org.springframework.security.test.context.support.ReactorContextTestExecutionListener, org.springframework.boot.test.autoconfigure.restdocs.RestDocsTestExecutionListener, org.springframework.boot.test.autoconfigure.web.client.MockRestServiceServerResetTestExecutionListener, org.springframework.boot.test.autoconfigure.web.servlet.MockMvcPrintOnlyOnFailureTestExecutionListener, org.springframework.boot.test.autoconfigure.web.servlet.WebDriverTestExecutionListener, org.springframework.boot.test.autoconfigure.webservices.client.MockWebServiceServerTestExecutionListener, org.springframework.boot.test.mock.mockito.MockitoTestExecutionListener, org.springframework.boot.test.mock.mockito.ResetMocksTestExecutionListener, org.springframework.test.context.web.ServletTestExecutionListener, org.springframework.test.context.support.DirtiesContextBeforeModesTestExecutionListener, org.springframework.test.context.event.ApplicationEventsTestExecutionListener, org.springframework.test.context.support.DependencyInjectionTestExecutionListener, org.springframework.test.context.support.DirtiesContextTestExecutionListener, org.springframework.test.context.transaction.TransactionalTestExecutionListener, org.springframework.test.context.jdbc.SqlScriptsTestExecutionListener, org.springframework.test.context.event.EventPublishingTestExecutionListener]
2022-12-05 22:47:55.239  INFO 39707 --- [    Test worker] .b.t.a.w.s.WebMvcTestContextBootstrapper : Using TestExecutionListeners: [org.springframework.test.context.web.ServletTestExecutionListener@64cec4d0, org.springframework.test.context.support.DirtiesContextBeforeModesTestExecutionListener@6e069ca9, org.springframework.test.context.event.ApplicationEventsTestExecutionListener@45e9db77, org.springframework.boot.test.mock.mockito.MockitoTestExecutionListener@6c930e7e, org.springframework.boot.test.autoconfigure.SpringBootDependencyInjectionTestExecutionListener@7e69bf78, org.springframework.test.context.support.DirtiesContextTestExecutionListener@24d097c8, org.springframework.test.context.transaction.TransactionalTestExecutionListener@2f69d246, org.springframework.test.context.jdbc.SqlScriptsTestExecutionListener@5bfdc92b, org.springframework.security.test.context.support.WithSecurityContextTestExecutionListener@68dc2f53, org.springframework.test.context.event.EventPublishingTestExecutionListener@48928b57, org.springframework.security.test.context.support.ReactorContextTestExecutionListener@29088be1, org.springframework.boot.test.autoconfigure.restdocs.RestDocsTestExecutionListener@1c09bb7a, org.springframework.boot.test.autoconfigure.web.client.MockRestServiceServerResetTestExecutionListener@15a6a91f, org.springframework.boot.test.autoconfigure.web.servlet.MockMvcPrintOnlyOnFailureTestExecutionListener@493250cf, org.springframework.boot.test.autoconfigure.web.servlet.WebDriverTestExecutionListener@24888d8b, org.springframework.boot.test.autoconfigure.webservices.client.MockWebServiceServerTestExecutionListener@750b200b, org.springframework.boot.test.mock.mockito.ResetMocksTestExecutionListener@55c581e4]

  .   ____          _            __ _ _
 /\\ / ___'_ __ _ _(_)_ __  __ _ \ \ \ \
( ( )\___ | '_ | '_| | '_ \/ _` | \ \ \ \
 \\/  ___)| |_)| | | | | || (_| |  ) ) ) )
  '  |____| .__|_| |_|_| |_\__, | / / / /
 =========|_|==============|___/=/_/_/_/
 :: Spring Boot ::                (v2.7.5)

2022-12-05 22:47:55.255  INFO 39707 --- [    Test worker] k.m.s.controllers.WishControllerTest     : Starting WishControllerTest using Java 17 on seonghwan-ui-MacBookPro.local with PID 39707 (started by seonghwan in /Users/seonghwan/work/shoppingmall-backend)
2022-12-05 22:47:55.256  INFO 39707 --- [    Test worker] k.m.s.controllers.WishControllerTest     : No active profile set, falling back to 1 default profile: "default"
2022-12-05 22:47:55.590  WARN 39707 --- [    Test worker] .s.s.UserDetailsServiceAutoConfiguration : 

Using generated security password: 1fc38f99-119b-4d79-8547-0a5aef180c46

This generated password is for development use only. Your security configuration must be updated before running your application in production.

2022-12-05 22:47:55.651  INFO 39707 --- [    Test worker] o.s.s.web.DefaultSecurityFilterChain     : Will secure any request with [org.springframework.security.web.session.DisableEncodeUrlFilter@20d92f1e, org.springframework.security.web.context.request.async.WebAsyncManagerIntegrationFilter@3cf7433e, org.springframework.security.web.context.SecurityContextPersistenceFilter@7ca0b05e, org.springframework.security.web.header.HeaderWriterFilter@8aafd70, org.springframework.security.web.csrf.CsrfFilter@54d2887a, org.springframework.security.web.authentication.logout.LogoutFilter@673a5aa7, org.springframework.security.web.authentication.UsernamePasswordAuthenticationFilter@36ec4071, org.springframework.security.web.authentication.ui.DefaultLoginPageGeneratingFilter@56f19f36, org.springframework.security.web.authentication.ui.DefaultLogoutPageGeneratingFilter@68cc6319, org.springframework.security.web.authentication.www.BasicAuthenticationFilter@5d8112e6, org.springframework.security.web.savedrequest.RequestCacheAwareFilter@3e5ed0d4, org.springframework.security.web.servletapi.SecurityContextHolderAwareRequestFilter@61c0fb12, org.springframework.security.web.authentication.AnonymousAuthenticationFilter@3d0f4ac4, org.springframework.security.web.session.SessionManagementFilter@3c717ef2, org.springframework.security.web.access.ExceptionTranslationFilter@73e63b4d, org.springframework.security.web.access.intercept.FilterSecurityInterceptor@16a15261]
2022-12-05 22:47:55.654  WARN 39707 --- [    Test worker] o.s.s.c.a.web.builders.WebSecurity       : You are asking Spring Security to ignore Ant [pattern='/**']. This is not recommended -- please use permitAll via HttpSecurity#authorizeHttpRequests instead.
2022-12-05 22:47:55.654  INFO 39707 --- [    Test worker] o.s.s.web.DefaultSecurityFilterChain     : Will not secure Ant [pattern='/**']
2022-12-05 22:47:55.678  INFO 39707 --- [    Test worker] o.s.b.t.m.w.SpringBootMockServletContext : Initializing Spring TestDispatcherServlet ''
2022-12-05 22:47:55.678  INFO 39707 --- [    Test worker] o.s.t.web.servlet.TestDispatcherServlet  : Initializing Servlet ''
2022-12-05 22:47:55.679  INFO 39707 --- [    Test worker] o.s.t.web.servlet.TestDispatcherServlet  : Completed initialization in 1 ms
2022-12-05 22:47:55.689  INFO 39707 --- [    Test worker] k.m.s.controllers.WishControllerTest     : Started WishControllerTest in 0.448 seconds (JVM running for 7.014)
]]></system-out>
  <system-err><![CDATA[]]></system-err>
</testsuite>
